{"/Users/badrusshoolehk/Documents/riset/extension-meet/packages/ai/src/analyze.ts": {"path":"/Users/badrusshoolehk/Documents/riset/extension-meet/packages/ai/src/analyze.ts","all":false,"statementMap":{"0":{"start":{"line":1,"column":0},"end":{"line":1,"column":56}},"3":{"start":{"line":4,"column":0},"end":{"line":4,"column":36}},"5":{"start":{"line":6,"column":0},"end":{"line":6,"column":54}},"6":{"start":{"line":7,"column":0},"end":{"line":7,"column":38}},"7":{"start":{"line":8,"column":0},"end":{"line":8,"column":60}},"8":{"start":{"line":9,"column":0},"end":{"line":9,"column":22}},"9":{"start":{"line":10,"column":0},"end":{"line":10,"column":24}},"10":{"start":{"line":11,"column":0},"end":{"line":11,"column":7}},"11":{"start":{"line":12,"column":0},"end":{"line":12,"column":44}},"12":{"start":{"line":13,"column":0},"end":{"line":13,"column":5}},"13":{"start":{"line":14,"column":0},"end":{"line":14,"column":30}},"14":{"start":{"line":15,"column":0},"end":{"line":15,"column":43}},"15":{"start":{"line":16,"column":0},"end":{"line":16,"column":42}},"16":{"start":{"line":17,"column":0},"end":{"line":17,"column":10}},"17":{"start":{"line":18,"column":0},"end":{"line":18,"column":27}},"18":{"start":{"line":19,"column":0},"end":{"line":19,"column":66}},"19":{"start":{"line":20,"column":0},"end":{"line":20,"column":24}},"20":{"start":{"line":21,"column":0},"end":{"line":21,"column":3}},"21":{"start":{"line":22,"column":0},"end":{"line":22,"column":14}},"22":{"start":{"line":23,"column":0},"end":{"line":23,"column":1}},"24":{"start":{"line":25,"column":0},"end":{"line":25,"column":76}},"38":{"start":{"line":39,"column":0},"end":{"line":39,"column":53}},"39":{"start":{"line":40,"column":0},"end":{"line":40,"column":65}},"40":{"start":{"line":41,"column":0},"end":{"line":41,"column":1}},"42":{"start":{"line":43,"column":0},"end":{"line":43,"column":76}},"43":{"start":{"line":44,"column":0},"end":{"line":44,"column":40}},"44":{"start":{"line":45,"column":0},"end":{"line":45,"column":53}},"47":{"start":{"line":48,"column":0},"end":{"line":48,"column":54}},"48":{"start":{"line":49,"column":0},"end":{"line":49,"column":33}},"49":{"start":{"line":50,"column":0},"end":{"line":50,"column":35}},"50":{"start":{"line":51,"column":0},"end":{"line":51,"column":82}},"51":{"start":{"line":52,"column":0},"end":{"line":52,"column":15}},"52":{"start":{"line":53,"column":0},"end":{"line":53,"column":7}},"53":{"start":{"line":54,"column":0},"end":{"line":54,"column":48}},"54":{"start":{"line":55,"column":0},"end":{"line":55,"column":11}},"55":{"start":{"line":56,"column":0},"end":{"line":56,"column":56}},"56":{"start":{"line":57,"column":0},"end":{"line":57,"column":3}},"57":{"start":{"line":58,"column":0},"end":{"line":58,"column":30}},"58":{"start":{"line":59,"column":0},"end":{"line":59,"column":48}},"59":{"start":{"line":60,"column":0},"end":{"line":60,"column":41}},"60":{"start":{"line":61,"column":0},"end":{"line":61,"column":20}},"61":{"start":{"line":62,"column":0},"end":{"line":62,"column":74}},"62":{"start":{"line":63,"column":0},"end":{"line":63,"column":52}},"63":{"start":{"line":64,"column":0},"end":{"line":64,"column":11}},"64":{"start":{"line":65,"column":0},"end":{"line":65,"column":47}},"65":{"start":{"line":66,"column":0},"end":{"line":66,"column":37}},"66":{"start":{"line":67,"column":0},"end":{"line":67,"column":47}},"67":{"start":{"line":68,"column":0},"end":{"line":68,"column":23}},"68":{"start":{"line":69,"column":0},"end":{"line":69,"column":92}},"69":{"start":{"line":70,"column":0},"end":{"line":70,"column":50}},"70":{"start":{"line":71,"column":0},"end":{"line":71,"column":11}},"71":{"start":{"line":72,"column":0},"end":{"line":72,"column":29}},"72":{"start":{"line":73,"column":0},"end":{"line":73,"column":45}},"73":{"start":{"line":74,"column":0},"end":{"line":74,"column":37}},"74":{"start":{"line":75,"column":0},"end":{"line":75,"column":4}},"75":{"start":{"line":76,"column":0},"end":{"line":76,"column":85}},"76":{"start":{"line":77,"column":0},"end":{"line":77,"column":18}},"77":{"start":{"line":78,"column":0},"end":{"line":78,"column":1}},"80":{"start":{"line":81,"column":0},"end":{"line":81,"column":93}},"81":{"start":{"line":82,"column":0},"end":{"line":82,"column":84}},"82":{"start":{"line":83,"column":0},"end":{"line":83,"column":25}},"83":{"start":{"line":84,"column":0},"end":{"line":84,"column":49}},"84":{"start":{"line":85,"column":0},"end":{"line":85,"column":9}},"85":{"start":{"line":86,"column":0},"end":{"line":86,"column":55}},"86":{"start":{"line":87,"column":0},"end":{"line":87,"column":17}},"87":{"start":{"line":88,"column":0},"end":{"line":88,"column":20}},"88":{"start":{"line":89,"column":0},"end":{"line":89,"column":54}},"89":{"start":{"line":90,"column":0},"end":{"line":90,"column":5}},"90":{"start":{"line":91,"column":0},"end":{"line":91,"column":3}},"91":{"start":{"line":92,"column":0},"end":{"line":92,"column":18}},"92":{"start":{"line":93,"column":0},"end":{"line":93,"column":1}}},"s":{"0":1,"3":1,"5":1,"6":7,"7":2021,"8":2021,"9":2021,"10":2021,"11":2021,"12":7,"13":7,"14":7,"15":1,"16":1,"17":1,"18":1,"19":1,"20":1,"21":7,"22":7,"24":1,"38":1,"39":6,"40":6,"42":1,"43":1,"44":35,"47":1,"48":8,"49":8,"50":8,"51":7,"52":7,"53":7,"54":8,"55":0,"56":0,"57":7,"58":7,"59":7,"60":6,"61":6,"62":6,"63":1,"64":8,"65":8,"66":8,"67":6,"68":6,"69":6,"70":1,"71":8,"72":8,"73":8,"74":8,"75":8,"76":6,"77":6,"80":5,"81":5,"82":5,"83":5,"84":6,"85":6,"86":3,"87":3,"88":3,"89":3,"90":6,"91":2,"92":2},"branchMap":{"0":{"type":"branch","line":6,"loc":{"start":{"line":6,"column":7},"end":{"line":23,"column":1}},"locations":[{"start":{"line":6,"column":7},"end":{"line":23,"column":1}}]},"1":{"type":"branch","line":15,"loc":{"start":{"line":15,"column":42},"end":{"line":21,"column":3}},"locations":[{"start":{"line":15,"column":42},"end":{"line":21,"column":3}}]},"2":{"type":"branch","line":7,"loc":{"start":{"line":7,"column":30},"end":{"line":13,"column":3}},"locations":[{"start":{"line":7,"column":30},"end":{"line":13,"column":3}}]},"3":{"type":"branch","line":39,"loc":{"start":{"line":39,"column":7},"end":{"line":41,"column":1}},"locations":[{"start":{"line":39,"column":7},"end":{"line":41,"column":1}}]},"4":{"type":"branch","line":43,"loc":{"start":{"line":43,"column":12},"end":{"line":43,"column":76}},"locations":[{"start":{"line":43,"column":12},"end":{"line":43,"column":76}}]},"5":{"type":"branch","line":43,"loc":{"start":{"line":43,"column":50},"end":{"line":43,"column":72}},"locations":[{"start":{"line":43,"column":50},"end":{"line":43,"column":72}}]},"6":{"type":"branch","line":43,"loc":{"start":{"line":43,"column":68},"end":{"line":43,"column":76}},"locations":[{"start":{"line":43,"column":68},"end":{"line":43,"column":76}}]},"7":{"type":"branch","line":44,"loc":{"start":{"line":44,"column":15},"end":{"line":45,"column":53}},"locations":[{"start":{"line":44,"column":15},"end":{"line":45,"column":53}}]},"8":{"type":"branch","line":45,"loc":{"start":{"line":45,"column":17},"end":{"line":45,"column":50}},"locations":[{"start":{"line":45,"column":17},"end":{"line":45,"column":50}}]},"9":{"type":"branch","line":45,"loc":{"start":{"line":45,"column":46},"end":{"line":45,"column":53}},"locations":[{"start":{"line":45,"column":46},"end":{"line":45,"column":53}}]},"10":{"type":"branch","line":48,"loc":{"start":{"line":48,"column":7},"end":{"line":78,"column":1}},"locations":[{"start":{"line":48,"column":7},"end":{"line":78,"column":1}}]},"11":{"type":"branch","line":51,"loc":{"start":{"line":51,"column":14},"end":{"line":51,"column":33}},"locations":[{"start":{"line":51,"column":14},"end":{"line":51,"column":33}}]},"12":{"type":"branch","line":51,"loc":{"start":{"line":51,"column":33},"end":{"line":51,"column":82}},"locations":[{"start":{"line":51,"column":33},"end":{"line":51,"column":82}}]},"13":{"type":"branch","line":51,"loc":{"start":{"line":51,"column":80},"end":{"line":55,"column":10}},"locations":[{"start":{"line":51,"column":80},"end":{"line":55,"column":10}}]},"14":{"type":"branch","line":55,"loc":{"start":{"line":55,"column":2},"end":{"line":57,"column":3}},"locations":[{"start":{"line":55,"column":2},"end":{"line":57,"column":3}}]},"15":{"type":"branch","line":57,"loc":{"start":{"line":57,"column":2},"end":{"line":60,"column":41}},"locations":[{"start":{"line":57,"column":2},"end":{"line":60,"column":41}}]},"16":{"type":"branch","line":60,"loc":{"start":{"line":60,"column":40},"end":{"line":63,"column":52}},"locations":[{"start":{"line":60,"column":40},"end":{"line":63,"column":52}}]},"17":{"type":"branch","line":63,"loc":{"start":{"line":63,"column":51},"end":{"line":64,"column":11}},"locations":[{"start":{"line":63,"column":51},"end":{"line":64,"column":11}}]},"18":{"type":"branch","line":67,"loc":{"start":{"line":67,"column":46},"end":{"line":70,"column":50}},"locations":[{"start":{"line":67,"column":46},"end":{"line":70,"column":50}}]},"19":{"type":"branch","line":70,"loc":{"start":{"line":70,"column":49},"end":{"line":71,"column":11}},"locations":[{"start":{"line":70,"column":49},"end":{"line":71,"column":11}}]},"20":{"type":"branch","line":76,"loc":{"start":{"line":76,"column":34},"end":{"line":76,"column":85}},"locations":[{"start":{"line":76,"column":34},"end":{"line":76,"column":85}}]},"21":{"type":"branch","line":76,"loc":{"start":{"line":76,"column":83},"end":{"line":78,"column":1}},"locations":[{"start":{"line":76,"column":83},"end":{"line":78,"column":1}}]},"22":{"type":"branch","line":62,"loc":{"start":{"line":62,"column":15},"end":{"line":62,"column":73}},"locations":[{"start":{"line":62,"column":15},"end":{"line":62,"column":73}}]},"23":{"type":"branch","line":63,"loc":{"start":{"line":63,"column":18},"end":{"line":63,"column":51}},"locations":[{"start":{"line":63,"column":18},"end":{"line":63,"column":51}}]},"24":{"type":"branch","line":69,"loc":{"start":{"line":69,"column":15},"end":{"line":69,"column":91}},"locations":[{"start":{"line":69,"column":15},"end":{"line":69,"column":91}}]},"25":{"type":"branch","line":70,"loc":{"start":{"line":70,"column":18},"end":{"line":70,"column":49}},"locations":[{"start":{"line":70,"column":18},"end":{"line":70,"column":49}}]},"26":{"type":"branch","line":81,"loc":{"start":{"line":81,"column":0},"end":{"line":93,"column":1}},"locations":[{"start":{"line":81,"column":0},"end":{"line":93,"column":1}}]},"27":{"type":"branch","line":84,"loc":{"start":{"line":84,"column":48},"end":{"line":91,"column":3}},"locations":[{"start":{"line":84,"column":48},"end":{"line":91,"column":3}}]},"28":{"type":"branch","line":86,"loc":{"start":{"line":86,"column":53},"end":{"line":90,"column":5}},"locations":[{"start":{"line":86,"column":53},"end":{"line":90,"column":5}}]},"29":{"type":"branch","line":89,"loc":{"start":{"line":89,"column":48},"end":{"line":89,"column":54}},"locations":[{"start":{"line":89,"column":48},"end":{"line":89,"column":54}}]},"30":{"type":"branch","line":91,"loc":{"start":{"line":91,"column":2},"end":{"line":93,"column":1}},"locations":[{"start":{"line":91,"column":2},"end":{"line":93,"column":1}}]}},"b":{"0":[7],"1":[1],"2":[2021],"3":[6],"4":[44],"5":[36],"6":[8],"7":[35],"8":[25],"9":[10],"10":[8],"11":[7],"12":[1],"13":[7],"14":[0],"15":[7],"16":[6],"17":[1],"18":[6],"19":[1],"20":[1],"21":[6],"22":[5],"23":[5],"24":[6],"25":[6],"26":[5],"27":[6],"28":[3],"29":[2],"30":[2]},"fnMap":{"0":{"name":"formatTranscript","decl":{"start":{"line":6,"column":7},"end":{"line":23,"column":1}},"loc":{"start":{"line":6,"column":7},"end":{"line":23,"column":1}},"line":6},"1":{"name":"buildUserPrompt","decl":{"start":{"line":39,"column":7},"end":{"line":41,"column":1}},"loc":{"start":{"line":39,"column":7},"end":{"line":41,"column":1}},"line":39},"2":{"name":"str","decl":{"start":{"line":43,"column":12},"end":{"line":43,"column":76}},"loc":{"start":{"line":43,"column":12},"end":{"line":43,"column":76}},"line":43},"3":{"name":"strArr","decl":{"start":{"line":44,"column":15},"end":{"line":45,"column":53}},"loc":{"start":{"line":44,"column":15},"end":{"line":45,"column":53}},"line":44},"4":{"name":"parseAnalysis","decl":{"start":{"line":48,"column":7},"end":{"line":78,"column":1}},"loc":{"start":{"line":48,"column":7},"end":{"line":78,"column":1}},"line":48},"5":{"name":"analyzeMeeting","decl":{"start":{"line":81,"column":0},"end":{"line":93,"column":1}},"loc":{"start":{"line":81,"column":0},"end":{"line":93,"column":1}},"line":81}},"f":{"0":7,"1":6,"2":44,"3":35,"4":8,"5":5}}
,"/Users/badrusshoolehk/Documents/riset/extension-meet/packages/ai/src/client.ts": {"path":"/Users/badrusshoolehk/Documents/riset/extension-meet/packages/ai/src/client.ts","all":false,"statementMap":{"14":{"start":{"line":15,"column":0},"end":{"line":15,"column":36}},"15":{"start":{"line":16,"column":0},"end":{"line":16,"column":14}},"16":{"start":{"line":17,"column":0},"end":{"line":17,"column":20}},"17":{"start":{"line":18,"column":0},"end":{"line":18,"column":32}},"18":{"start":{"line":19,"column":0},"end":{"line":19,"column":5}},"19":{"start":{"line":20,"column":0},"end":{"line":20,"column":19}},"20":{"start":{"line":21,"column":0},"end":{"line":21,"column":26}},"21":{"start":{"line":22,"column":0},"end":{"line":22,"column":3}},"22":{"start":{"line":23,"column":0},"end":{"line":23,"column":1}},"32":{"start":{"line":33,"column":0},"end":{"line":33,"column":69}},"33":{"start":{"line":34,"column":0},"end":{"line":34,"column":107}},"34":{"start":{"line":35,"column":0},"end":{"line":35,"column":127}},"35":{"start":{"line":36,"column":0},"end":{"line":36,"column":162}},"36":{"start":{"line":37,"column":0},"end":{"line":37,"column":156}},"37":{"start":{"line":38,"column":0},"end":{"line":38,"column":124}},"38":{"start":{"line":39,"column":0},"end":{"line":39,"column":120}},"39":{"start":{"line":40,"column":0},"end":{"line":40,"column":95}},"40":{"start":{"line":41,"column":0},"end":{"line":41,"column":153}},"41":{"start":{"line":42,"column":0},"end":{"line":42,"column":111}},"42":{"start":{"line":43,"column":0},"end":{"line":43,"column":2}},"44":{"start":{"line":45,"column":0},"end":{"line":45,"column":54}},"45":{"start":{"line":46,"column":0},"end":{"line":46,"column":46}},"46":{"start":{"line":47,"column":0},"end":{"line":47,"column":10}},"47":{"start":{"line":48,"column":0},"end":{"line":48,"column":9}},"48":{"start":{"line":49,"column":0},"end":{"line":49,"column":63}},"49":{"start":{"line":50,"column":0},"end":{"line":50,"column":35}},"50":{"start":{"line":51,"column":0},"end":{"line":51,"column":4}},"51":{"start":{"line":52,"column":0},"end":{"line":52,"column":1}},"54":{"start":{"line":55,"column":0},"end":{"line":55,"column":62}},"55":{"start":{"line":56,"column":0},"end":{"line":56,"column":46}},"56":{"start":{"line":57,"column":0},"end":{"line":57,"column":62}},"57":{"start":{"line":58,"column":0},"end":{"line":58,"column":83}},"58":{"start":{"line":59,"column":0},"end":{"line":59,"column":68}},"59":{"start":{"line":60,"column":0},"end":{"line":60,"column":45}},"60":{"start":{"line":61,"column":0},"end":{"line":61,"column":3}},"61":{"start":{"line":62,"column":0},"end":{"line":62,"column":42}},"62":{"start":{"line":63,"column":0},"end":{"line":63,"column":75}},"63":{"start":{"line":64,"column":0},"end":{"line":64,"column":14}},"64":{"start":{"line":65,"column":0},"end":{"line":65,"column":1}}},"s":{"14":1,"15":1,"16":11,"17":11,"18":11,"19":11,"20":11,"21":11,"22":1,"32":1,"33":1,"34":1,"35":1,"36":1,"37":1,"38":1,"39":1,"40":1,"41":1,"42":1,"44":1,"45":14,"46":14,"47":14,"48":14,"49":14,"50":14,"51":14,"54":1,"55":6,"56":6,"57":6,"58":6,"59":1,"60":1,"61":6,"62":6,"63":3,"64":3},"branchMap":{"0":{"type":"branch","line":16,"loc":{"start":{"line":16,"column":2},"end":{"line":22,"column":3}},"locations":[{"start":{"line":16,"column":2},"end":{"line":22,"column":3}}]},"1":{"type":"branch","line":45,"loc":{"start":{"line":45,"column":7},"end":{"line":52,"column":1}},"locations":[{"start":{"line":45,"column":7},"end":{"line":52,"column":1}}]},"2":{"type":"branch","line":49,"loc":{"start":{"line":49,"column":16},"end":{"line":49,"column":43}},"locations":[{"start":{"line":49,"column":16},"end":{"line":49,"column":43}}]},"3":{"type":"branch","line":50,"loc":{"start":{"line":50,"column":13},"end":{"line":50,"column":35}},"locations":[{"start":{"line":50,"column":13},"end":{"line":50,"column":35}}]},"4":{"type":"branch","line":55,"loc":{"start":{"line":55,"column":7},"end":{"line":65,"column":1}},"locations":[{"start":{"line":55,"column":7},"end":{"line":65,"column":1}}]},"5":{"type":"branch","line":57,"loc":{"start":{"line":57,"column":15},"end":{"line":57,"column":62}},"locations":[{"start":{"line":57,"column":15},"end":{"line":57,"column":62}}]},"6":{"type":"branch","line":58,"loc":{"start":{"line":58,"column":13},"end":{"line":58,"column":43}},"locations":[{"start":{"line":58,"column":13},"end":{"line":58,"column":43}}]},"7":{"type":"branch","line":58,"loc":{"start":{"line":58,"column":43},"end":{"line":58,"column":83}},"locations":[{"start":{"line":58,"column":43},"end":{"line":58,"column":83}}]},"8":{"type":"branch","line":58,"loc":{"start":{"line":58,"column":65},"end":{"line":59,"column":29}},"locations":[{"start":{"line":58,"column":65},"end":{"line":59,"column":29}}]},"9":{"type":"branch","line":59,"loc":{"start":{"line":59,"column":13},"end":{"line":59,"column":50}},"locations":[{"start":{"line":59,"column":13},"end":{"line":59,"column":50}}]},"10":{"type":"branch","line":59,"loc":{"start":{"line":59,"column":45},"end":{"line":59,"column":67}},"locations":[{"start":{"line":59,"column":45},"end":{"line":59,"column":67}}]},"11":{"type":"branch","line":59,"loc":{"start":{"line":59,"column":67},"end":{"line":61,"column":3}},"locations":[{"start":{"line":59,"column":67},"end":{"line":61,"column":3}}]},"12":{"type":"branch","line":61,"loc":{"start":{"line":61,"column":2},"end":{"line":62,"column":27}},"locations":[{"start":{"line":61,"column":2},"end":{"line":62,"column":27}}]},"13":{"type":"branch","line":62,"loc":{"start":{"line":62,"column":16},"end":{"line":62,"column":42}},"locations":[{"start":{"line":62,"column":16},"end":{"line":62,"column":42}}]},"14":{"type":"branch","line":63,"loc":{"start":{"line":63,"column":6},"end":{"line":63,"column":40}},"locations":[{"start":{"line":63,"column":6},"end":{"line":63,"column":40}}]},"15":{"type":"branch","line":63,"loc":{"start":{"line":63,"column":40},"end":{"line":63,"column":75}},"locations":[{"start":{"line":63,"column":40},"end":{"line":63,"column":75}}]},"16":{"type":"branch","line":63,"loc":{"start":{"line":63,"column":47},"end":{"line":65,"column":1}},"locations":[{"start":{"line":63,"column":47},"end":{"line":65,"column":1}}]}},"b":{"0":[11],"1":[14],"2":[11],"3":[11],"4":[6],"5":[0],"6":[3],"7":[1],"8":[5],"9":[3],"10":[1],"11":[1],"12":[4],"13":[2],"14":[3],"15":[1],"16":[3]},"fnMap":{"0":{"name":"AIError","decl":{"start":{"line":16,"column":2},"end":{"line":22,"column":3}},"loc":{"start":{"line":16,"column":2},"end":{"line":22,"column":3}},"line":16},"1":{"name":"resolveConfig","decl":{"start":{"line":45,"column":7},"end":{"line":52,"column":1}},"loc":{"start":{"line":45,"column":7},"end":{"line":52,"column":1}},"line":45},"2":{"name":"validateSettings","decl":{"start":{"line":55,"column":7},"end":{"line":65,"column":1}},"loc":{"start":{"line":55,"column":7},"end":{"line":65,"column":1}},"line":55}},"f":{"0":11,"1":14,"2":6}}
,"/Users/badrusshoolehk/Documents/riset/extension-meet/packages/ai/src/index.ts": {"path":"/Users/badrusshoolehk/Documents/riset/extension-meet/packages/ai/src/index.ts","all":false,"statementMap":{"0":{"start":{"line":1,"column":0},"end":{"line":1,"column":25}},"1":{"start":{"line":2,"column":0},"end":{"line":2,"column":28}},"2":{"start":{"line":3,"column":0},"end":{"line":3,"column":26}},"3":{"start":{"line":4,"column":0},"end":{"line":4,"column":28}}},"s":{"0":1,"1":1,"2":1,"3":1},"branchMap":{},"b":{},"fnMap":{},"f":{}}
,"/Users/badrusshoolehk/Documents/riset/extension-meet/packages/ai/src/providers.ts": {"path":"/Users/badrusshoolehk/Documents/riset/extension-meet/packages/ai/src/providers.ts","all":false,"statementMap":{"0":{"start":{"line":1,"column":0},"end":{"line":1,"column":47}},"3":{"start":{"line":4,"column":0},"end":{"line":4,"column":96}},"4":{"start":{"line":5,"column":0},"end":{"line":5,"column":20}},"5":{"start":{"line":6,"column":0},"end":{"line":6,"column":7}},"6":{"start":{"line":7,"column":0},"end":{"line":7,"column":28}},"7":{"start":{"line":8,"column":0},"end":{"line":8,"column":21}},"8":{"start":{"line":9,"column":0},"end":{"line":9,"column":66}},"9":{"start":{"line":10,"column":0},"end":{"line":10,"column":33}},"10":{"start":{"line":11,"column":0},"end":{"line":11,"column":7}},"11":{"start":{"line":12,"column":0},"end":{"line":12,"column":15}},"12":{"start":{"line":13,"column":0},"end":{"line":13,"column":70}},"13":{"start":{"line":14,"column":0},"end":{"line":14,"column":3}},"14":{"start":{"line":15,"column":0},"end":{"line":15,"column":16}},"15":{"start":{"line":16,"column":0},"end":{"line":16,"column":50}},"17":{"start":{"line":18,"column":0},"end":{"line":18,"column":94}},"18":{"start":{"line":19,"column":0},"end":{"line":19,"column":3}},"19":{"start":{"line":20,"column":0},"end":{"line":20,"column":20}},"20":{"start":{"line":21,"column":0},"end":{"line":21,"column":1}},"23":{"start":{"line":24,"column":0},"end":{"line":24,"column":52}},"24":{"start":{"line":25,"column":0},"end":{"line":25,"column":10}},"25":{"start":{"line":26,"column":0},"end":{"line":26,"column":27}},"26":{"start":{"line":27,"column":0},"end":{"line":27,"column":44}},"27":{"start":{"line":28,"column":0},"end":{"line":28,"column":30}},"28":{"start":{"line":29,"column":0},"end":{"line":29,"column":42}},"29":{"start":{"line":30,"column":0},"end":{"line":30,"column":68}},"30":{"start":{"line":31,"column":0},"end":{"line":31,"column":9}},"31":{"start":{"line":32,"column":0},"end":{"line":32,"column":27}},"32":{"start":{"line":33,"column":0},"end":{"line":33,"column":27}},"33":{"start":{"line":34,"column":0},"end":{"line":34,"column":21}},"34":{"start":{"line":35,"column":0},"end":{"line":35,"column":52}},"35":{"start":{"line":36,"column":0},"end":{"line":36,"column":48}},"36":{"start":{"line":37,"column":0},"end":{"line":37,"column":12}},"37":{"start":{"line":38,"column":0},"end":{"line":38,"column":86}},"38":{"start":{"line":39,"column":0},"end":{"line":39,"column":58}},"39":{"start":{"line":40,"column":0},"end":{"line":40,"column":18}},"40":{"start":{"line":41,"column":0},"end":{"line":41,"column":10}},"41":{"start":{"line":42,"column":0},"end":{"line":42,"column":8}},"42":{"start":{"line":43,"column":0},"end":{"line":43,"column":55}},"43":{"start":{"line":44,"column":0},"end":{"line":44,"column":80}},"44":{"start":{"line":45,"column":0},"end":{"line":45,"column":18}},"45":{"start":{"line":46,"column":0},"end":{"line":46,"column":6}},"46":{"start":{"line":47,"column":0},"end":{"line":47,"column":4}},"47":{"start":{"line":48,"column":0},"end":{"line":48,"column":1}},"49":{"start":{"line":50,"column":0},"end":{"line":50,"column":41}},"50":{"start":{"line":51,"column":0},"end":{"line":51,"column":10}},"51":{"start":{"line":52,"column":0},"end":{"line":52,"column":22}},"52":{"start":{"line":53,"column":0},"end":{"line":53,"column":44}},"53":{"start":{"line":54,"column":0},"end":{"line":54,"column":17}},"54":{"start":{"line":55,"column":0},"end":{"line":55,"column":78}},"56":{"start":{"line":57,"column":0},"end":{"line":57,"column":63}},"57":{"start":{"line":58,"column":0},"end":{"line":58,"column":25}},"58":{"start":{"line":59,"column":0},"end":{"line":59,"column":19}},"59":{"start":{"line":60,"column":0},"end":{"line":60,"column":50}},"60":{"start":{"line":61,"column":0},"end":{"line":61,"column":46}},"61":{"start":{"line":62,"column":0},"end":{"line":62,"column":10}},"62":{"start":{"line":63,"column":0},"end":{"line":63,"column":9}},"63":{"start":{"line":64,"column":0},"end":{"line":64,"column":55}},"64":{"start":{"line":65,"column":0},"end":{"line":65,"column":80}},"65":{"start":{"line":66,"column":0},"end":{"line":66,"column":18}},"66":{"start":{"line":67,"column":0},"end":{"line":67,"column":6}},"67":{"start":{"line":68,"column":0},"end":{"line":68,"column":4}},"68":{"start":{"line":69,"column":0},"end":{"line":69,"column":1}},"70":{"start":{"line":71,"column":0},"end":{"line":71,"column":45}},"71":{"start":{"line":72,"column":0},"end":{"line":72,"column":10}},"72":{"start":{"line":73,"column":0},"end":{"line":73,"column":26}},"73":{"start":{"line":74,"column":0},"end":{"line":74,"column":44}},"74":{"start":{"line":75,"column":0},"end":{"line":75,"column":30}},"75":{"start":{"line":76,"column":0},"end":{"line":76,"column":37}},"76":{"start":{"line":77,"column":0},"end":{"line":77,"column":9}},"77":{"start":{"line":78,"column":0},"end":{"line":78,"column":34}},"78":{"start":{"line":79,"column":0},"end":{"line":79,"column":44}},"79":{"start":{"line":80,"column":0},"end":{"line":80,"column":62}},"80":{"start":{"line":81,"column":0},"end":{"line":81,"column":10}},"81":{"start":{"line":82,"column":0},"end":{"line":82,"column":9}},"82":{"start":{"line":83,"column":0},"end":{"line":83,"column":27}},"83":{"start":{"line":84,"column":0},"end":{"line":84,"column":27}},"84":{"start":{"line":85,"column":0},"end":{"line":85,"column":29}},"85":{"start":{"line":86,"column":0},"end":{"line":86,"column":58}},"86":{"start":{"line":87,"column":0},"end":{"line":87,"column":10}},"87":{"start":{"line":88,"column":0},"end":{"line":88,"column":8}},"88":{"start":{"line":89,"column":0},"end":{"line":89,"column":43}},"89":{"start":{"line":90,"column":0},"end":{"line":90,"column":80}},"90":{"start":{"line":91,"column":0},"end":{"line":91,"column":18}},"91":{"start":{"line":92,"column":0},"end":{"line":92,"column":6}},"92":{"start":{"line":93,"column":0},"end":{"line":93,"column":4}},"93":{"start":{"line":94,"column":0},"end":{"line":94,"column":1}},"95":{"start":{"line":96,"column":0},"end":{"line":96,"column":42}},"96":{"start":{"line":97,"column":0},"end":{"line":97,"column":10}},"97":{"start":{"line":98,"column":0},"end":{"line":98,"column":23}},"98":{"start":{"line":99,"column":0},"end":{"line":99,"column":44}},"99":{"start":{"line":100,"column":0},"end":{"line":100,"column":30}},"100":{"start":{"line":101,"column":0},"end":{"line":101,"column":81}},"101":{"start":{"line":102,"column":0},"end":{"line":102,"column":41}},"102":{"start":{"line":103,"column":0},"end":{"line":103,"column":9}},"103":{"start":{"line":104,"column":0},"end":{"line":104,"column":63}},"104":{"start":{"line":105,"column":0},"end":{"line":105,"column":68}},"105":{"start":{"line":106,"column":0},"end":{"line":106,"column":29}},"106":{"start":{"line":107,"column":0},"end":{"line":107,"column":29}},"107":{"start":{"line":108,"column":0},"end":{"line":108,"column":74}},"108":{"start":{"line":109,"column":0},"end":{"line":109,"column":12}},"109":{"start":{"line":110,"column":0},"end":{"line":110,"column":10}},"110":{"start":{"line":111,"column":0},"end":{"line":111,"column":8}},"111":{"start":{"line":112,"column":0},"end":{"line":112,"column":67}},"112":{"start":{"line":113,"column":0},"end":{"line":113,"column":80}},"113":{"start":{"line":114,"column":0},"end":{"line":114,"column":18}},"114":{"start":{"line":115,"column":0},"end":{"line":115,"column":6}},"115":{"start":{"line":116,"column":0},"end":{"line":116,"column":4}},"116":{"start":{"line":117,"column":0},"end":{"line":117,"column":1}},"119":{"start":{"line":120,"column":0},"end":{"line":120,"column":30}},"120":{"start":{"line":121,"column":0},"end":{"line":121,"column":10}},"121":{"start":{"line":122,"column":0},"end":{"line":122,"column":24}},"122":{"start":{"line":123,"column":0},"end":{"line":123,"column":44}},"123":{"start":{"line":124,"column":0},"end":{"line":124,"column":51}},"124":{"start":{"line":125,"column":0},"end":{"line":125,"column":24}},"125":{"start":{"line":126,"column":0},"end":{"line":126,"column":26}},"126":{"start":{"line":127,"column":0},"end":{"line":127,"column":89}},"127":{"start":{"line":128,"column":0},"end":{"line":128,"column":16}},"128":{"start":{"line":129,"column":0},"end":{"line":129,"column":10}},"129":{"start":{"line":130,"column":0},"end":{"line":130,"column":7}},"130":{"start":{"line":131,"column":0},"end":{"line":131,"column":39}},"131":{"start":{"line":132,"column":0},"end":{"line":132,"column":66}},"132":{"start":{"line":133,"column":0},"end":{"line":133,"column":9}},"133":{"start":{"line":134,"column":0},"end":{"line":134,"column":11}},"134":{"start":{"line":135,"column":0},"end":{"line":135,"column":46}},"135":{"start":{"line":136,"column":0},"end":{"line":136,"column":17}},"136":{"start":{"line":137,"column":0},"end":{"line":137,"column":28}},"137":{"start":{"line":138,"column":0},"end":{"line":138,"column":7}},"138":{"start":{"line":139,"column":0},"end":{"line":139,"column":6}},"139":{"start":{"line":140,"column":0},"end":{"line":140,"column":4}},"140":{"start":{"line":141,"column":0},"end":{"line":141,"column":1}},"142":{"start":{"line":143,"column":0},"end":{"line":143,"column":60}},"143":{"start":{"line":144,"column":0},"end":{"line":144,"column":38}},"144":{"start":{"line":145,"column":0},"end":{"line":145,"column":25}},"145":{"start":{"line":146,"column":0},"end":{"line":146,"column":19}},"146":{"start":{"line":147,"column":0},"end":{"line":147,"column":23}},"147":{"start":{"line":148,"column":0},"end":{"line":148,"column":21}},"148":{"start":{"line":149,"column":0},"end":{"line":149,"column":28}},"149":{"start":{"line":150,"column":0},"end":{"line":150,"column":18}},"150":{"start":{"line":151,"column":0},"end":{"line":151,"column":25}},"151":{"start":{"line":152,"column":0},"end":{"line":152,"column":17}},"152":{"start":{"line":153,"column":0},"end":{"line":153,"column":24}},"153":{"start":{"line":154,"column":0},"end":{"line":154,"column":12}},"155":{"start":{"line":156,"column":0},"end":{"line":156,"column":35}},"156":{"start":{"line":157,"column":0},"end":{"line":157,"column":3}},"157":{"start":{"line":158,"column":0},"end":{"line":158,"column":1}}},"s":{"0":1,"3":10,"4":10,"5":10,"6":10,"7":10,"8":10,"9":10,"10":10,"11":10,"12":1,"13":1,"14":10,"15":3,"17":3,"18":3,"19":6,"20":6,"23":7,"24":7,"25":7,"26":7,"27":7,"28":7,"29":7,"30":7,"31":7,"32":7,"33":7,"34":7,"35":7,"36":7,"37":7,"38":6,"39":1,"40":7,"41":7,"42":7,"43":7,"44":2,"45":7,"46":7,"47":7,"49":1,"50":1,"51":1,"52":1,"53":1,"54":1,"56":1,"57":1,"58":1,"59":1,"60":1,"61":1,"62":1,"63":1,"64":1,"65":1,"66":1,"67":1,"68":1,"70":1,"71":1,"72":1,"73":1,"74":1,"75":1,"76":1,"77":1,"78":1,"79":1,"80":1,"81":1,"82":1,"83":1,"84":1,"85":1,"86":1,"87":1,"88":1,"89":1,"90":1,"91":1,"92":1,"93":1,"95":1,"96":1,"97":1,"98":1,"99":1,"100":1,"101":1,"102":1,"103":1,"104":1,"105":1,"106":1,"107":1,"108":1,"109":1,"110":1,"111":1,"112":1,"113":1,"114":1,"115":1,"116":1,"119":1,"120":1,"121":1,"122":1,"123":1,"124":1,"125":1,"126":1,"127":1,"128":1,"129":1,"130":0,"131":0,"132":0,"133":0,"134":0,"135":0,"136":0,"137":0,"138":1,"139":1,"140":1,"142":1,"143":11,"144":11,"145":11,"146":1,"147":11,"148":1,"149":11,"150":1,"151":11,"152":1,"153":11,"155":7,"156":11,"157":11},"branchMap":{"0":{"type":"branch","line":4,"loc":{"start":{"line":4,"column":0},"end":{"line":21,"column":1}},"locations":[{"start":{"line":4,"column":0},"end":{"line":21,"column":1}}]},"1":{"type":"branch","line":11,"loc":{"start":{"line":11,"column":5},"end":{"line":12,"column":11}},"locations":[{"start":{"line":11,"column":5},"end":{"line":12,"column":11}}]},"2":{"type":"branch","line":12,"loc":{"start":{"line":12,"column":2},"end":{"line":14,"column":3}},"locations":[{"start":{"line":12,"column":2},"end":{"line":14,"column":3}}]},"3":{"type":"branch","line":14,"loc":{"start":{"line":14,"column":2},"end":{"line":15,"column":15}},"locations":[{"start":{"line":14,"column":2},"end":{"line":15,"column":15}}]},"4":{"type":"branch","line":15,"loc":{"start":{"line":15,"column":15},"end":{"line":19,"column":3}},"locations":[{"start":{"line":15,"column":15},"end":{"line":19,"column":3}}]},"5":{"type":"branch","line":18,"loc":{"start":{"line":18,"column":68},"end":{"line":18,"column":92}},"locations":[{"start":{"line":18,"column":68},"end":{"line":18,"column":92}}]},"6":{"type":"branch","line":19,"loc":{"start":{"line":19,"column":2},"end":{"line":21,"column":1}},"locations":[{"start":{"line":19,"column":2},"end":{"line":21,"column":1}}]},"7":{"type":"branch","line":24,"loc":{"start":{"line":24,"column":0},"end":{"line":48,"column":1}},"locations":[{"start":{"line":24,"column":0},"end":{"line":48,"column":1}}]},"8":{"type":"branch","line":27,"loc":{"start":{"line":27,"column":4},"end":{"line":46,"column":6}},"locations":[{"start":{"line":27,"column":4},"end":{"line":46,"column":6}}]},"9":{"type":"branch","line":30,"loc":{"start":{"line":30,"column":12},"end":{"line":30,"column":65}},"locations":[{"start":{"line":30,"column":12},"end":{"line":30,"column":65}}]},"10":{"type":"branch","line":30,"loc":{"start":{"line":30,"column":61},"end":{"line":30,"column":68}},"locations":[{"start":{"line":30,"column":61},"end":{"line":30,"column":68}}]},"11":{"type":"branch","line":38,"loc":{"start":{"line":38,"column":44},"end":{"line":38,"column":86}},"locations":[{"start":{"line":38,"column":44},"end":{"line":38,"column":86}}]},"12":{"type":"branch","line":38,"loc":{"start":{"line":38,"column":73},"end":{"line":39,"column":58}},"locations":[{"start":{"line":38,"column":73},"end":{"line":39,"column":58}}]},"13":{"type":"branch","line":39,"loc":{"start":{"line":39,"column":57},"end":{"line":40,"column":18}},"locations":[{"start":{"line":39,"column":57},"end":{"line":40,"column":18}}]},"14":{"type":"branch","line":42,"loc":{"start":{"line":42,"column":6},"end":{"line":43,"column":38}},"locations":[{"start":{"line":42,"column":6},"end":{"line":43,"column":38}}]},"15":{"type":"branch","line":43,"loc":{"start":{"line":43,"column":35},"end":{"line":43,"column":55}},"locations":[{"start":{"line":43,"column":35},"end":{"line":43,"column":55}}]},"16":{"type":"branch","line":44,"loc":{"start":{"line":44,"column":36},"end":{"line":44,"column":80}},"locations":[{"start":{"line":44,"column":36},"end":{"line":44,"column":80}}]},"17":{"type":"branch","line":44,"loc":{"start":{"line":44,"column":78},"end":{"line":45,"column":18}},"locations":[{"start":{"line":44,"column":78},"end":{"line":45,"column":18}}]},"18":{"type":"branch","line":50,"loc":{"start":{"line":50,"column":0},"end":{"line":69,"column":1}},"locations":[{"start":{"line":50,"column":0},"end":{"line":69,"column":1}}]},"19":{"type":"branch","line":53,"loc":{"start":{"line":53,"column":4},"end":{"line":67,"column":6}},"locations":[{"start":{"line":53,"column":4},"end":{"line":67,"column":6}}]},"20":{"type":"branch","line":65,"loc":{"start":{"line":65,"column":36},"end":{"line":65,"column":80}},"locations":[{"start":{"line":65,"column":36},"end":{"line":65,"column":80}}]},"21":{"type":"branch","line":71,"loc":{"start":{"line":71,"column":0},"end":{"line":94,"column":1}},"locations":[{"start":{"line":71,"column":0},"end":{"line":94,"column":1}}]},"22":{"type":"branch","line":74,"loc":{"start":{"line":74,"column":4},"end":{"line":92,"column":6}},"locations":[{"start":{"line":74,"column":4},"end":{"line":92,"column":6}}]},"23":{"type":"branch","line":90,"loc":{"start":{"line":90,"column":36},"end":{"line":90,"column":80}},"locations":[{"start":{"line":90,"column":36},"end":{"line":90,"column":80}}]},"24":{"type":"branch","line":96,"loc":{"start":{"line":96,"column":0},"end":{"line":117,"column":1}},"locations":[{"start":{"line":96,"column":0},"end":{"line":117,"column":1}}]},"25":{"type":"branch","line":99,"loc":{"start":{"line":99,"column":4},"end":{"line":115,"column":6}},"locations":[{"start":{"line":99,"column":4},"end":{"line":115,"column":6}}]},"26":{"type":"branch","line":108,"loc":{"start":{"line":108,"column":66},"end":{"line":108,"column":74}},"locations":[{"start":{"line":108,"column":66},"end":{"line":108,"column":74}}]},"27":{"type":"branch","line":113,"loc":{"start":{"line":113,"column":36},"end":{"line":113,"column":80}},"locations":[{"start":{"line":113,"column":36},"end":{"line":113,"column":80}}]},"28":{"type":"branch","line":120,"loc":{"start":{"line":120,"column":0},"end":{"line":141,"column":1}},"locations":[{"start":{"line":120,"column":0},"end":{"line":141,"column":1}}]},"29":{"type":"branch","line":123,"loc":{"start":{"line":123,"column":4},"end":{"line":139,"column":6}},"locations":[{"start":{"line":123,"column":4},"end":{"line":139,"column":6}}]},"30":{"type":"branch","line":125,"loc":{"start":{"line":125,"column":11},"end":{"line":125,"column":23}},"locations":[{"start":{"line":125,"column":11},"end":{"line":125,"column":23}}]},"31":{"type":"branch","line":130,"loc":{"start":{"line":130,"column":6},"end":{"line":138,"column":7}},"locations":[{"start":{"line":130,"column":6},"end":{"line":138,"column":7}}]},"32":{"type":"branch","line":143,"loc":{"start":{"line":143,"column":7},"end":{"line":158,"column":1}},"locations":[{"start":{"line":143,"column":7},"end":{"line":158,"column":1}}]},"33":{"type":"branch","line":146,"loc":{"start":{"line":146,"column":4},"end":{"line":147,"column":23}},"locations":[{"start":{"line":146,"column":4},"end":{"line":147,"column":23}}]},"34":{"type":"branch","line":148,"loc":{"start":{"line":148,"column":4},"end":{"line":149,"column":28}},"locations":[{"start":{"line":148,"column":4},"end":{"line":149,"column":28}}]},"35":{"type":"branch","line":150,"loc":{"start":{"line":150,"column":4},"end":{"line":151,"column":25}},"locations":[{"start":{"line":150,"column":4},"end":{"line":151,"column":25}}]},"36":{"type":"branch","line":152,"loc":{"start":{"line":152,"column":4},"end":{"line":153,"column":24}},"locations":[{"start":{"line":152,"column":4},"end":{"line":153,"column":24}}]},"37":{"type":"branch","line":154,"loc":{"start":{"line":154,"column":4},"end":{"line":156,"column":35}},"locations":[{"start":{"line":154,"column":4},"end":{"line":156,"column":35}}]}},"b":{"0":[10],"1":[9],"2":[1],"3":[9],"4":[3],"5":[2],"6":[6],"7":[7],"8":[7],"9":[6],"10":[1],"11":[1],"12":[6],"13":[1],"14":[3],"15":[2],"16":[1],"17":[2],"18":[1],"19":[1],"20":[0],"21":[1],"22":[1],"23":[0],"24":[1],"25":[1],"26":[0],"27":[0],"28":[1],"29":[1],"30":[0],"31":[0],"32":[11],"33":[1],"34":[1],"35":[1],"36":[1],"37":[7]},"fnMap":{"0":{"name":"post","decl":{"start":{"line":4,"column":0},"end":{"line":21,"column":1}},"loc":{"start":{"line":4,"column":0},"end":{"line":21,"column":1}},"line":4},"1":{"name":"openAICompatible","decl":{"start":{"line":24,"column":0},"end":{"line":48,"column":1}},"loc":{"start":{"line":24,"column":0},"end":{"line":48,"column":1}},"line":24},"2":{"name":"complete","decl":{"start":{"line":27,"column":4},"end":{"line":46,"column":6}},"loc":{"start":{"line":27,"column":4},"end":{"line":46,"column":6}},"line":27},"3":{"name":"azure","decl":{"start":{"line":50,"column":0},"end":{"line":69,"column":1}},"loc":{"start":{"line":50,"column":0},"end":{"line":69,"column":1}},"line":50},"4":{"name":"complete","decl":{"start":{"line":53,"column":4},"end":{"line":67,"column":6}},"loc":{"start":{"line":53,"column":4},"end":{"line":67,"column":6}},"line":53},"5":{"name":"anthropic","decl":{"start":{"line":71,"column":0},"end":{"line":94,"column":1}},"loc":{"start":{"line":71,"column":0},"end":{"line":94,"column":1}},"line":71},"6":{"name":"complete","decl":{"start":{"line":74,"column":4},"end":{"line":92,"column":6}},"loc":{"start":{"line":74,"column":4},"end":{"line":92,"column":6}},"line":74},"7":{"name":"gemini","decl":{"start":{"line":96,"column":0},"end":{"line":117,"column":1}},"loc":{"start":{"line":96,"column":0},"end":{"line":117,"column":1}},"line":96},"8":{"name":"complete","decl":{"start":{"line":99,"column":4},"end":{"line":115,"column":6}},"loc":{"start":{"line":99,"column":4},"end":{"line":115,"column":6}},"line":99},"9":{"name":"builtin","decl":{"start":{"line":120,"column":0},"end":{"line":141,"column":1}},"loc":{"start":{"line":120,"column":0},"end":{"line":141,"column":1}},"line":120},"10":{"name":"complete","decl":{"start":{"line":123,"column":4},"end":{"line":139,"column":6}},"loc":{"start":{"line":123,"column":4},"end":{"line":139,"column":6}},"line":123},"11":{"name":"createClient","decl":{"start":{"line":143,"column":7},"end":{"line":158,"column":1}},"loc":{"start":{"line":143,"column":7},"end":{"line":158,"column":1}},"line":143}},"f":{"0":10,"1":7,"2":7,"3":1,"4":1,"5":1,"6":1,"7":1,"8":1,"9":1,"10":1,"11":11}}
,"/Users/badrusshoolehk/Documents/riset/extension-meet/packages/ai/src/ratelimit.ts": {"path":"/Users/badrusshoolehk/Documents/riset/extension-meet/packages/ai/src/ratelimit.ts","all":false,"statementMap":{"1":{"start":{"line":2,"column":0},"end":{"line":2,"column":71}},"2":{"start":{"line":3,"column":0},"end":{"line":3,"column":29}},"3":{"start":{"line":4,"column":0},"end":{"line":4,"column":10}},"4":{"start":{"line":5,"column":0},"end":{"line":5,"column":37}},"5":{"start":{"line":6,"column":0},"end":{"line":6,"column":70}},"6":{"start":{"line":7,"column":0},"end":{"line":7,"column":49}},"7":{"start":{"line":8,"column":0},"end":{"line":8,"column":22}},"8":{"start":{"line":9,"column":0},"end":{"line":9,"column":18}},"9":{"start":{"line":10,"column":0},"end":{"line":10,"column":6}},"10":{"start":{"line":11,"column":0},"end":{"line":11,"column":4}},"11":{"start":{"line":12,"column":0},"end":{"line":12,"column":1}}},"s":{"1":1,"2":1,"3":1,"4":1,"5":4,"6":4,"7":3,"8":3,"9":4,"10":1,"11":1},"branchMap":{"0":{"type":"branch","line":2,"loc":{"start":{"line":2,"column":7},"end":{"line":12,"column":1}},"locations":[{"start":{"line":2,"column":7},"end":{"line":12,"column":1}}]},"1":{"type":"branch","line":5,"loc":{"start":{"line":5,"column":4},"end":{"line":10,"column":6}},"locations":[{"start":{"line":5,"column":4},"end":{"line":10,"column":6}}]},"2":{"type":"branch","line":6,"loc":{"start":{"line":6,"column":56},"end":{"line":6,"column":70}},"locations":[{"start":{"line":6,"column":56},"end":{"line":6,"column":70}}]},"3":{"type":"branch","line":7,"loc":{"start":{"line":7,"column":36},"end":{"line":7,"column":49}},"locations":[{"start":{"line":7,"column":36},"end":{"line":7,"column":49}}]},"4":{"type":"branch","line":7,"loc":{"start":{"line":7,"column":43},"end":{"line":9,"column":18}},"locations":[{"start":{"line":7,"column":43},"end":{"line":9,"column":18}}]}},"b":{"0":[1],"1":[4],"2":[2],"3":[1],"4":[3]},"fnMap":{"0":{"name":"createRateLimiter","decl":{"start":{"line":2,"column":7},"end":{"line":12,"column":1}},"loc":{"start":{"line":2,"column":7},"end":{"line":12,"column":1}},"line":2},"1":{"name":"take","decl":{"start":{"line":5,"column":4},"end":{"line":10,"column":6}},"loc":{"start":{"line":5,"column":4},"end":{"line":10,"column":6}},"line":5}},"f":{"0":1,"1":4}}
,"/Users/badrusshoolehk/Documents/riset/extension-meet/packages/exporters/src/index.ts": {"path":"/Users/badrusshoolehk/Documents/riset/extension-meet/packages/exporters/src/index.ts","all":true,"statementMap":{"0":{"start":{"line":1,"column":0},"end":{"line":1,"column":27}},"1":{"start":{"line":2,"column":0},"end":{"line":2,"column":22}}},"s":{"0":0,"1":0},"branchMap":{"0":{"type":"branch","line":1,"loc":{"start":{"line":1,"column":0},"end":{"line":2,"column":-14}},"locations":[{"start":{"line":1,"column":0},"end":{"line":2,"column":-14}}]}},"b":{"0":[0]},"fnMap":{"0":{"name":"(empty-report)","decl":{"start":{"line":1,"column":0},"end":{"line":2,"column":-14}},"loc":{"start":{"line":1,"column":0},"end":{"line":2,"column":-14}},"line":1}},"f":{"0":0}}
,"/Users/badrusshoolehk/Documents/riset/extension-meet/packages/exporters/src/markdown.ts": {"path":"/Users/badrusshoolehk/Documents/riset/extension-meet/packages/exporters/src/markdown.ts","all":false,"statementMap":{"0":{"start":{"line":1,"column":0},"end":{"line":1,"column":86}},"2":{"start":{"line":3,"column":0},"end":{"line":3,"column":56}},"3":{"start":{"line":4,"column":0},"end":{"line":4,"column":55}},"5":{"start":{"line":6,"column":0},"end":{"line":6,"column":83}},"7":{"start":{"line":8,"column":0},"end":{"line":8,"column":46}},"8":{"start":{"line":9,"column":0},"end":{"line":9,"column":12}},"9":{"start":{"line":10,"column":0},"end":{"line":10,"column":86}},"10":{"start":{"line":11,"column":0},"end":{"line":11,"column":10}},"11":{"start":{"line":12,"column":0},"end":{"line":12,"column":1}},"13":{"start":{"line":14,"column":0},"end":{"line":14,"column":74}},"14":{"start":{"line":15,"column":0},"end":{"line":15,"column":39}},"15":{"start":{"line":16,"column":0},"end":{"line":16,"column":27}},"16":{"start":{"line":17,"column":0},"end":{"line":17,"column":38}},"17":{"start":{"line":18,"column":0},"end":{"line":18,"column":7}},"18":{"start":{"line":19,"column":0},"end":{"line":19,"column":12}},"19":{"start":{"line":20,"column":0},"end":{"line":20,"column":28}},"20":{"start":{"line":21,"column":0},"end":{"line":21,"column":7}},"21":{"start":{"line":22,"column":0},"end":{"line":22,"column":42}},"22":{"start":{"line":23,"column":0},"end":{"line":23,"column":56}},"23":{"start":{"line":24,"column":0},"end":{"line":24,"column":67}},"24":{"start":{"line":25,"column":0},"end":{"line":25,"column":19}},"25":{"start":{"line":26,"column":0},"end":{"line":26,"column":6}},"26":{"start":{"line":27,"column":0},"end":{"line":27,"column":45}},"27":{"start":{"line":28,"column":0},"end":{"line":28,"column":12}},"28":{"start":{"line":29,"column":0},"end":{"line":29,"column":17}},"29":{"start":{"line":30,"column":0},"end":{"line":30,"column":23}},"30":{"start":{"line":31,"column":0},"end":{"line":31,"column":58}},"31":{"start":{"line":32,"column":0},"end":{"line":32,"column":20}},"32":{"start":{"line":33,"column":0},"end":{"line":33,"column":6}},"33":{"start":{"line":34,"column":0},"end":{"line":34,"column":60}},"34":{"start":{"line":35,"column":0},"end":{"line":35,"column":64}},"35":{"start":{"line":36,"column":0},"end":{"line":36,"column":54}},"36":{"start":{"line":37,"column":0},"end":{"line":37,"column":12}},"37":{"start":{"line":38,"column":0},"end":{"line":38,"column":21}},"38":{"start":{"line":39,"column":0},"end":{"line":39,"column":33}},"39":{"start":{"line":40,"column":0},"end":{"line":40,"column":11}},"40":{"start":{"line":41,"column":0},"end":{"line":41,"column":37}},"41":{"start":{"line":42,"column":0},"end":{"line":42,"column":34}},"42":{"start":{"line":43,"column":0},"end":{"line":43,"column":40}},"43":{"start":{"line":44,"column":0},"end":{"line":44,"column":75}},"44":{"start":{"line":45,"column":0},"end":{"line":45,"column":14}},"45":{"start":{"line":46,"column":0},"end":{"line":46,"column":22}},"46":{"start":{"line":47,"column":0},"end":{"line":47,"column":13}},"47":{"start":{"line":48,"column":0},"end":{"line":48,"column":6}},"48":{"start":{"line":49,"column":0},"end":{"line":49,"column":46}},"49":{"start":{"line":50,"column":0},"end":{"line":50,"column":63}},"50":{"start":{"line":51,"column":0},"end":{"line":51,"column":55}},"51":{"start":{"line":52,"column":0},"end":{"line":52,"column":10}},"52":{"start":{"line":53,"column":0},"end":{"line":53,"column":74}},"53":{"start":{"line":54,"column":0},"end":{"line":54,"column":4}},"54":{"start":{"line":55,"column":0},"end":{"line":55,"column":42}},"55":{"start":{"line":56,"column":0},"end":{"line":56,"column":1}}},"s":{"0":1,"2":1,"3":10,"5":1,"7":1,"8":1,"9":1,"10":0,"11":1,"13":1,"14":1,"15":1,"16":1,"17":1,"18":1,"19":1,"20":1,"21":1,"22":1,"23":1,"24":1,"25":1,"26":1,"27":1,"28":1,"29":1,"30":1,"31":1,"32":1,"33":1,"34":1,"35":1,"36":1,"37":1,"38":1,"39":1,"40":1,"41":1,"42":1,"43":1,"44":1,"45":1,"46":0,"47":1,"48":1,"49":1,"50":1,"51":1,"52":1,"53":1,"54":1,"55":1},"branchMap":{"0":{"type":"branch","line":3,"loc":{"start":{"line":3,"column":16},"end":{"line":4,"column":55}},"locations":[{"start":{"line":3,"column":16},"end":{"line":4,"column":55}}]},"1":{"type":"branch","line":4,"loc":{"start":{"line":4,"column":12},"end":{"line":4,"column":52}},"locations":[{"start":{"line":4,"column":12},"end":{"line":4,"column":52}}]},"2":{"type":"branch","line":4,"loc":{"start":{"line":4,"column":45},"end":{"line":4,"column":55}},"locations":[{"start":{"line":4,"column":45},"end":{"line":4,"column":55}}]},"3":{"type":"branch","line":6,"loc":{"start":{"line":6,"column":16},"end":{"line":6,"column":83}},"locations":[{"start":{"line":6,"column":16},"end":{"line":6,"column":83}}]},"4":{"type":"branch","line":6,"loc":{"start":{"line":6,"column":55},"end":{"line":6,"column":70}},"locations":[{"start":{"line":6,"column":55},"end":{"line":6,"column":70}}]},"5":{"type":"branch","line":8,"loc":{"start":{"line":8,"column":0},"end":{"line":12,"column":1}},"locations":[{"start":{"line":8,"column":0},"end":{"line":12,"column":1}}]},"6":{"type":"branch","line":10,"loc":{"start":{"line":10,"column":85},"end":{"line":11,"column":10}},"locations":[{"start":{"line":10,"column":85},"end":{"line":11,"column":10}}]},"7":{"type":"branch","line":14,"loc":{"start":{"line":14,"column":7},"end":{"line":56,"column":1}},"locations":[{"start":{"line":14,"column":7},"end":{"line":56,"column":1}}]},"8":{"type":"branch","line":46,"loc":{"start":{"line":46,"column":21},"end":{"line":47,"column":13}},"locations":[{"start":{"line":46,"column":21},"end":{"line":47,"column":13}}]},"9":{"type":"branch","line":31,"loc":{"start":{"line":31,"column":13},"end":{"line":31,"column":57}},"locations":[{"start":{"line":31,"column":13},"end":{"line":31,"column":57}}]},"10":{"type":"branch","line":31,"loc":{"start":{"line":31,"column":29},"end":{"line":31,"column":40}},"locations":[{"start":{"line":31,"column":29},"end":{"line":31,"column":40}}]},"11":{"type":"branch","line":44,"loc":{"start":{"line":44,"column":14},"end":{"line":44,"column":75}},"locations":[{"start":{"line":44,"column":14},"end":{"line":44,"column":75}}]},"12":{"type":"branch","line":44,"loc":{"start":{"line":44,"column":40},"end":{"line":44,"column":52}},"locations":[{"start":{"line":44,"column":40},"end":{"line":44,"column":52}}]},"13":{"type":"branch","line":44,"loc":{"start":{"line":44,"column":60},"end":{"line":44,"column":70}},"locations":[{"start":{"line":44,"column":60},"end":{"line":44,"column":70}}]}},"b":{"0":[10],"1":[9],"2":[1],"3":[6],"4":[6],"5":[1],"6":[0],"7":[1],"8":[0],"9":[1],"10":[0],"11":[1],"12":[0],"13":[0]},"fnMap":{"0":{"name":"section","decl":{"start":{"line":3,"column":16},"end":{"line":4,"column":55}},"loc":{"start":{"line":3,"column":16},"end":{"line":4,"column":55}},"line":3},"1":{"name":"bullets","decl":{"start":{"line":6,"column":16},"end":{"line":6,"column":83}},"loc":{"start":{"line":6,"column":16},"end":{"line":6,"column":83}},"line":6},"2":{"name":"fmtDate","decl":{"start":{"line":8,"column":0},"end":{"line":12,"column":1}},"loc":{"start":{"line":8,"column":0},"end":{"line":12,"column":1}},"line":8},"3":{"name":"toMarkdown","decl":{"start":{"line":14,"column":7},"end":{"line":56,"column":1}},"loc":{"start":{"line":14,"column":7},"end":{"line":56,"column":1}},"line":14}},"f":{"0":10,"1":6,"2":1,"3":1}}
,"/Users/badrusshoolehk/Documents/riset/extension-meet/packages/exporters/src/pdf.ts": {"path":"/Users/badrusshoolehk/Documents/riset/extension-meet/packages/exporters/src/pdf.ts","all":false,"statementMap":{"0":{"start":{"line":1,"column":0},"end":{"line":1,"column":30}},"3":{"start":{"line":4,"column":0},"end":{"line":4,"column":32}},"4":{"start":{"line":5,"column":0},"end":{"line":5,"column":22}},"6":{"start":{"line":7,"column":0},"end":{"line":7,"column":51}},"7":{"start":{"line":8,"column":0},"end":{"line":8,"column":54}},"8":{"start":{"line":9,"column":0},"end":{"line":9,"column":55}},"10":{"start":{"line":11,"column":0},"end":{"line":11,"column":11}},"11":{"start":{"line":12,"column":0},"end":{"line":12,"column":48}},"12":{"start":{"line":13,"column":0},"end":{"line":13,"column":8}},"14":{"start":{"line":15,"column":0},"end":{"line":15,"column":21}},"15":{"start":{"line":16,"column":0},"end":{"line":16,"column":36}},"16":{"start":{"line":17,"column":0},"end":{"line":17,"column":25}},"17":{"start":{"line":18,"column":0},"end":{"line":18,"column":17}},"18":{"start":{"line":19,"column":0},"end":{"line":19,"column":5}},"19":{"start":{"line":20,"column":0},"end":{"line":20,"column":3}},"21":{"start":{"line":22,"column":0},"end":{"line":22,"column":25}},"22":{"start":{"line":23,"column":0},"end":{"line":23,"column":20}},"23":{"start":{"line":24,"column":0},"end":{"line":24,"column":16}},"24":{"start":{"line":25,"column":0},"end":{"line":25,"column":82}},"25":{"start":{"line":26,"column":0},"end":{"line":26,"column":35}},"26":{"start":{"line":27,"column":0},"end":{"line":27,"column":16}},"27":{"start":{"line":28,"column":0},"end":{"line":28,"column":55}},"28":{"start":{"line":29,"column":0},"end":{"line":29,"column":45}},"29":{"start":{"line":30,"column":0},"end":{"line":30,"column":16}},"30":{"start":{"line":31,"column":0},"end":{"line":31,"column":3}},"32":{"start":{"line":33,"column":0},"end":{"line":33,"column":70}},"33":{"start":{"line":34,"column":0},"end":{"line":34,"column":29}},"34":{"start":{"line":35,"column":0},"end":{"line":35,"column":62}},"35":{"start":{"line":36,"column":0},"end":{"line":36,"column":53}},"36":{"start":{"line":37,"column":0},"end":{"line":37,"column":39}},"37":{"start":{"line":38,"column":0},"end":{"line":38,"column":71}},"38":{"start":{"line":39,"column":0},"end":{"line":39,"column":44}},"39":{"start":{"line":40,"column":0},"end":{"line":40,"column":23}},"40":{"start":{"line":41,"column":0},"end":{"line":41,"column":35}},"41":{"start":{"line":42,"column":0},"end":{"line":42,"column":41}},"42":{"start":{"line":43,"column":0},"end":{"line":43,"column":57}},"43":{"start":{"line":44,"column":0},"end":{"line":44,"column":7}},"44":{"start":{"line":45,"column":0},"end":{"line":45,"column":50}},"45":{"start":{"line":46,"column":0},"end":{"line":46,"column":20}},"46":{"start":{"line":47,"column":0},"end":{"line":47,"column":5}},"47":{"start":{"line":48,"column":0},"end":{"line":48,"column":16}},"48":{"start":{"line":49,"column":0},"end":{"line":49,"column":3}},"50":{"start":{"line":51,"column":0},"end":{"line":51,"column":25}},"51":{"start":{"line":52,"column":0},"end":{"line":52,"column":64}},"52":{"start":{"line":53,"column":0},"end":{"line":53,"column":53}},"53":{"start":{"line":54,"column":0},"end":{"line":54,"column":3}},"54":{"start":{"line":55,"column":0},"end":{"line":55,"column":1}},"56":{"start":{"line":57,"column":0},"end":{"line":57,"column":67}},"57":{"start":{"line":58,"column":0},"end":{"line":58,"column":22}},"58":{"start":{"line":59,"column":0},"end":{"line":59,"column":20}},"59":{"start":{"line":60,"column":0},"end":{"line":60,"column":34}},"60":{"start":{"line":61,"column":0},"end":{"line":61,"column":22}},"61":{"start":{"line":62,"column":0},"end":{"line":62,"column":87}},"62":{"start":{"line":63,"column":0},"end":{"line":63,"column":10}},"65":{"start":{"line":66,"column":0},"end":{"line":66,"column":31}},"66":{"start":{"line":67,"column":0},"end":{"line":67,"column":32}},"67":{"start":{"line":68,"column":0},"end":{"line":68,"column":30}},"68":{"start":{"line":69,"column":0},"end":{"line":69,"column":34}},"69":{"start":{"line":70,"column":0},"end":{"line":70,"column":75}},"70":{"start":{"line":71,"column":0},"end":{"line":71,"column":41}},"71":{"start":{"line":72,"column":0},"end":{"line":72,"column":50}},"72":{"start":{"line":73,"column":0},"end":{"line":73,"column":36}},"73":{"start":{"line":74,"column":0},"end":{"line":74,"column":81}},"74":{"start":{"line":75,"column":0},"end":{"line":75,"column":31}},"75":{"start":{"line":76,"column":0},"end":{"line":76,"column":24}},"76":{"start":{"line":77,"column":0},"end":{"line":77,"column":28}},"77":{"start":{"line":78,"column":0},"end":{"line":78,"column":49}},"78":{"start":{"line":79,"column":0},"end":{"line":79,"column":38}},"79":{"start":{"line":80,"column":0},"end":{"line":80,"column":55}},"82":{"start":{"line":83,"column":0},"end":{"line":83,"column":16}},"84":{"start":{"line":85,"column":0},"end":{"line":85,"column":35}},"85":{"start":{"line":86,"column":0},"end":{"line":86,"column":38}},"86":{"start":{"line":87,"column":0},"end":{"line":87,"column":32}},"87":{"start":{"line":88,"column":0},"end":{"line":88,"column":64}},"88":{"start":{"line":89,"column":0},"end":{"line":89,"column":56}},"90":{"start":{"line":91,"column":0},"end":{"line":91,"column":33}},"91":{"start":{"line":92,"column":0},"end":{"line":92,"column":36}},"93":{"start":{"line":94,"column":0},"end":{"line":94,"column":33}},"94":{"start":{"line":95,"column":0},"end":{"line":95,"column":26}},"95":{"start":{"line":96,"column":0},"end":{"line":96,"column":74}},"96":{"start":{"line":97,"column":0},"end":{"line":97,"column":3}},"98":{"start":{"line":99,"column":0},"end":{"line":99,"column":30}},"99":{"start":{"line":100,"column":0},"end":{"line":100,"column":34}},"101":{"start":{"line":102,"column":0},"end":{"line":102,"column":25}},"102":{"start":{"line":103,"column":0},"end":{"line":103,"column":29}},"104":{"start":{"line":105,"column":0},"end":{"line":105,"column":28}},"105":{"start":{"line":106,"column":0},"end":{"line":106,"column":9}},"106":{"start":{"line":107,"column":0},"end":{"line":107,"column":29}},"107":{"start":{"line":108,"column":0},"end":{"line":108,"column":96}},"108":{"start":{"line":109,"column":0},"end":{"line":109,"column":6}},"109":{"start":{"line":110,"column":0},"end":{"line":110,"column":4}},"111":{"start":{"line":112,"column":0},"end":{"line":112,"column":30}},"112":{"start":{"line":113,"column":0},"end":{"line":113,"column":23}},"113":{"start":{"line":114,"column":0},"end":{"line":114,"column":27}},"114":{"start":{"line":115,"column":0},"end":{"line":115,"column":3}},"115":{"start":{"line":116,"column":0},"end":{"line":116,"column":38}},"116":{"start":{"line":117,"column":0},"end":{"line":117,"column":32}},"117":{"start":{"line":118,"column":0},"end":{"line":118,"column":35}},"118":{"start":{"line":119,"column":0},"end":{"line":119,"column":3}},"119":{"start":{"line":120,"column":0},"end":{"line":120,"column":34}},"120":{"start":{"line":121,"column":0},"end":{"line":121,"column":28}},"121":{"start":{"line":122,"column":0},"end":{"line":122,"column":31}},"122":{"start":{"line":123,"column":0},"end":{"line":123,"column":3}},"125":{"start":{"line":126,"column":0},"end":{"line":126,"column":39}},"126":{"start":{"line":127,"column":0},"end":{"line":127,"column":36}},"127":{"start":{"line":128,"column":0},"end":{"line":128,"column":19}},"128":{"start":{"line":129,"column":0},"end":{"line":129,"column":75}},"129":{"start":{"line":130,"column":0},"end":{"line":130,"column":64}},"130":{"start":{"line":131,"column":0},"end":{"line":131,"column":78}},"131":{"start":{"line":132,"column":0},"end":{"line":132,"column":3}},"133":{"start":{"line":134,"column":0},"end":{"line":134,"column":28}},"134":{"start":{"line":135,"column":0},"end":{"line":135,"column":1}}},"s":{"0":1,"3":1,"4":1,"6":1,"7":1,"8":1,"10":1,"11":2,"12":2,"14":2,"15":97,"16":2,"17":2,"18":2,"19":97,"21":2,"22":14,"23":14,"24":14,"25":14,"26":14,"27":14,"28":14,"29":14,"30":14,"32":2,"33":49,"34":49,"35":49,"36":49,"37":49,"38":49,"39":83,"40":83,"41":36,"42":36,"43":36,"44":83,"45":83,"46":83,"47":49,"48":49,"50":2,"51":10,"52":10,"53":10,"54":2,"56":1,"57":2,"58":2,"59":2,"60":2,"61":2,"62":0,"65":2,"66":2,"67":2,"68":2,"69":2,"70":2,"71":2,"72":2,"73":2,"74":2,"75":2,"76":2,"77":2,"78":2,"79":2,"82":2,"84":2,"85":2,"86":2,"87":2,"88":2,"90":2,"91":2,"93":2,"94":1,"95":1,"96":1,"98":2,"99":2,"101":2,"102":2,"104":2,"105":2,"106":2,"107":2,"108":2,"109":2,"111":2,"112":1,"113":1,"114":1,"115":2,"116":1,"117":1,"118":1,"119":2,"120":1,"121":1,"122":1,"125":2,"126":2,"127":4,"128":4,"129":4,"130":4,"131":4,"133":2,"134":2},"branchMap":{"0":{"type":"branch","line":11,"loc":{"start":{"line":11,"column":10},"end":{"line":55,"column":1}},"locations":[{"start":{"line":11,"column":10},"end":{"line":55,"column":1}}]},"1":{"type":"branch","line":15,"loc":{"start":{"line":15,"column":2},"end":{"line":20,"column":3}},"locations":[{"start":{"line":15,"column":2},"end":{"line":20,"column":3}}]},"2":{"type":"branch","line":16,"loc":{"start":{"line":16,"column":35},"end":{"line":19,"column":5}},"locations":[{"start":{"line":16,"column":35},"end":{"line":19,"column":5}}]},"3":{"type":"branch","line":22,"loc":{"start":{"line":22,"column":2},"end":{"line":31,"column":3}},"locations":[{"start":{"line":22,"column":2},"end":{"line":31,"column":3}}]},"4":{"type":"branch","line":33,"loc":{"start":{"line":33,"column":2},"end":{"line":49,"column":3}},"locations":[{"start":{"line":33,"column":2},"end":{"line":49,"column":3}}]},"5":{"type":"branch","line":34,"loc":{"start":{"line":34,"column":22},"end":{"line":34,"column":29}},"locations":[{"start":{"line":34,"column":22},"end":{"line":34,"column":29}}]},"6":{"type":"branch","line":36,"loc":{"start":{"line":36,"column":35},"end":{"line":36,"column":47}},"locations":[{"start":{"line":36,"column":35},"end":{"line":36,"column":47}}]},"7":{"type":"branch","line":36,"loc":{"start":{"line":36,"column":41},"end":{"line":36,"column":51}},"locations":[{"start":{"line":36,"column":41},"end":{"line":36,"column":51}}]},"8":{"type":"branch","line":37,"loc":{"start":{"line":37,"column":24},"end":{"line":37,"column":37}},"locations":[{"start":{"line":37,"column":24},"end":{"line":37,"column":37}}]},"9":{"type":"branch","line":37,"loc":{"start":{"line":37,"column":33},"end":{"line":37,"column":39}},"locations":[{"start":{"line":37,"column":33},"end":{"line":37,"column":39}}]},"10":{"type":"branch","line":39,"loc":{"start":{"line":39,"column":43},"end":{"line":47,"column":5}},"locations":[{"start":{"line":39,"column":43},"end":{"line":47,"column":5}}]},"11":{"type":"branch","line":41,"loc":{"start":{"line":41,"column":15},"end":{"line":41,"column":34}},"locations":[{"start":{"line":41,"column":15},"end":{"line":41,"column":34}}]},"12":{"type":"branch","line":41,"loc":{"start":{"line":41,"column":34},"end":{"line":44,"column":7}},"locations":[{"start":{"line":41,"column":34},"end":{"line":44,"column":7}}]},"13":{"type":"branch","line":51,"loc":{"start":{"line":51,"column":2},"end":{"line":54,"column":3}},"locations":[{"start":{"line":51,"column":2},"end":{"line":54,"column":3}}]},"14":{"type":"branch","line":52,"loc":{"start":{"line":52,"column":30},"end":{"line":52,"column":64}},"locations":[{"start":{"line":52,"column":30},"end":{"line":52,"column":64}}]},"15":{"type":"branch","line":53,"loc":{"start":{"line":53,"column":23},"end":{"line":53,"column":53}},"locations":[{"start":{"line":53,"column":23},"end":{"line":53,"column":53}}]},"16":{"type":"branch","line":57,"loc":{"start":{"line":57,"column":7},"end":{"line":135,"column":1}},"locations":[{"start":{"line":57,"column":7},"end":{"line":135,"column":1}}]},"17":{"type":"branch","line":62,"loc":{"start":{"line":62,"column":86},"end":{"line":63,"column":10}},"locations":[{"start":{"line":62,"column":86},"end":{"line":63,"column":10}}]},"18":{"type":"branch","line":88,"loc":{"start":{"line":88,"column":52},"end":{"line":88,"column":60}},"locations":[{"start":{"line":88,"column":52},"end":{"line":88,"column":60}}]},"19":{"type":"branch","line":94,"loc":{"start":{"line":94,"column":32},"end":{"line":97,"column":3}},"locations":[{"start":{"line":94,"column":32},"end":{"line":97,"column":3}}]},"20":{"type":"branch","line":112,"loc":{"start":{"line":112,"column":29},"end":{"line":115,"column":3}},"locations":[{"start":{"line":112,"column":29},"end":{"line":115,"column":3}}]},"21":{"type":"branch","line":116,"loc":{"start":{"line":116,"column":37},"end":{"line":119,"column":3}},"locations":[{"start":{"line":116,"column":37},"end":{"line":119,"column":3}}]},"22":{"type":"branch","line":120,"loc":{"start":{"line":120,"column":33},"end":{"line":123,"column":3}},"locations":[{"start":{"line":120,"column":33},"end":{"line":123,"column":3}}]},"23":{"type":"branch","line":127,"loc":{"start":{"line":127,"column":35},"end":{"line":132,"column":3}},"locations":[{"start":{"line":127,"column":35},"end":{"line":132,"column":3}}]},"24":{"type":"branch","line":96,"loc":{"start":{"line":96,"column":33},"end":{"line":96,"column":71}},"locations":[{"start":{"line":96,"column":33},"end":{"line":96,"column":71}}]},"25":{"type":"branch","line":96,"loc":{"start":{"line":96,"column":45},"end":{"line":96,"column":56}},"locations":[{"start":{"line":96,"column":45},"end":{"line":96,"column":56}}]},"26":{"type":"branch","line":108,"loc":{"start":{"line":108,"column":6},"end":{"line":108,"column":96}},"locations":[{"start":{"line":108,"column":6},"end":{"line":108,"column":96}}]},"27":{"type":"branch","line":108,"loc":{"start":{"line":108,"column":53},"end":{"line":108,"column":60}},"locations":[{"start":{"line":108,"column":53},"end":{"line":108,"column":60}}]},"28":{"type":"branch","line":108,"loc":{"start":{"line":108,"column":85},"end":{"line":108,"column":93}},"locations":[{"start":{"line":108,"column":85},"end":{"line":108,"column":93}}]}},"b":{"0":[2],"1":[97],"2":[2],"3":[14],"4":[49],"5":[0],"6":[3],"7":[46],"8":[36],"9":[13],"10":[83],"11":[66],"12":[36],"13":[10],"14":[36],"15":[3],"16":[2],"17":[0],"18":[0],"19":[1],"20":[1],"21":[1],"22":[1],"23":[4],"24":[1],"25":[0],"26":[1],"27":[0],"28":[0]},"fnMap":{"0":{"name":"<instance_members_initializer>","decl":{"start":{"line":11,"column":10},"end":{"line":55,"column":1}},"loc":{"start":{"line":11,"column":10},"end":{"line":55,"column":1}},"line":11},"1":{"name":"ensure","decl":{"start":{"line":15,"column":2},"end":{"line":20,"column":3}},"loc":{"start":{"line":15,"column":2},"end":{"line":20,"column":3}},"line":15},"2":{"name":"heading","decl":{"start":{"line":22,"column":2},"end":{"line":31,"column":3}},"loc":{"start":{"line":22,"column":2},"end":{"line":31,"column":3}},"line":22},"3":{"name":"para","decl":{"start":{"line":33,"column":2},"end":{"line":49,"column":3}},"loc":{"start":{"line":33,"column":2},"end":{"line":49,"column":3}},"line":33},"4":{"name":"list","decl":{"start":{"line":51,"column":2},"end":{"line":54,"column":3}},"loc":{"start":{"line":51,"column":2},"end":{"line":54,"column":3}},"line":51},"5":{"name":"toPdf","decl":{"start":{"line":57,"column":7},"end":{"line":135,"column":1}},"loc":{"start":{"line":57,"column":7},"end":{"line":135,"column":1}},"line":57}},"f":{"0":2,"1":97,"2":14,"3":49,"4":10,"5":2}}
,"/Users/badrusshoolehk/Documents/riset/extension-meet/packages/meeting/src/detect.ts": {"path":"/Users/badrusshoolehk/Documents/riset/extension-meet/packages/meeting/src/detect.ts","all":false,"statementMap":{"0":{"start":{"line":1,"column":0},"end":{"line":1,"column":75}},"3":{"start":{"line":4,"column":0},"end":{"line":4,"column":29}},"6":{"start":{"line":7,"column":0},"end":{"line":7,"column":46}},"13":{"start":{"line":14,"column":0},"end":{"line":14,"column":30}},"14":{"start":{"line":15,"column":0},"end":{"line":15,"column":19}},"15":{"start":{"line":16,"column":0},"end":{"line":16,"column":44}},"16":{"start":{"line":17,"column":0},"end":{"line":17,"column":14}},"17":{"start":{"line":18,"column":0},"end":{"line":18,"column":12}},"18":{"start":{"line":19,"column":0},"end":{"line":19,"column":57}},"19":{"start":{"line":20,"column":0},"end":{"line":20,"column":41}},"20":{"start":{"line":21,"column":0},"end":{"line":21,"column":27}},"21":{"start":{"line":22,"column":0},"end":{"line":22,"column":39}},"22":{"start":{"line":23,"column":0},"end":{"line":23,"column":68}},"23":{"start":{"line":24,"column":0},"end":{"line":24,"column":3}},"24":{"start":{"line":25,"column":0},"end":{"line":25,"column":78}},"25":{"start":{"line":26,"column":0},"end":{"line":26,"column":1}},"27":{"start":{"line":28,"column":0},"end":{"line":28,"column":37}},"28":{"start":{"line":29,"column":0},"end":{"line":29,"column":22}},"29":{"start":{"line":30,"column":0},"end":{"line":30,"column":42}},"30":{"start":{"line":31,"column":0},"end":{"line":31,"column":14}},"31":{"start":{"line":32,"column":0},"end":{"line":32,"column":14}},"32":{"start":{"line":33,"column":0},"end":{"line":33,"column":70}},"33":{"start":{"line":34,"column":0},"end":{"line":34,"column":1}}},"s":{"0":1,"3":1,"6":1,"13":1,"14":8,"15":8,"16":8,"17":8,"18":8,"19":8,"20":8,"21":8,"22":2,"23":2,"24":1,"25":1,"27":1,"28":1,"29":1,"30":1,"31":1,"32":1,"33":1},"branchMap":{"0":{"type":"branch","line":14,"loc":{"start":{"line":14,"column":7},"end":{"line":26,"column":1}},"locations":[{"start":{"line":14,"column":7},"end":{"line":26,"column":1}}]},"1":{"type":"branch","line":19,"loc":{"start":{"line":19,"column":44},"end":{"line":19,"column":57}},"locations":[{"start":{"line":19,"column":44},"end":{"line":19,"column":57}}]},"2":{"type":"branch","line":19,"loc":{"start":{"line":19,"column":51},"end":{"line":20,"column":35}},"locations":[{"start":{"line":19,"column":51},"end":{"line":20,"column":35}}]},"3":{"type":"branch","line":20,"loc":{"start":{"line":20,"column":28},"end":{"line":20,"column":41}},"locations":[{"start":{"line":20,"column":28},"end":{"line":20,"column":41}}]},"4":{"type":"branch","line":20,"loc":{"start":{"line":20,"column":35},"end":{"line":21,"column":22}},"locations":[{"start":{"line":20,"column":35},"end":{"line":21,"column":22}}]},"5":{"type":"branch","line":21,"loc":{"start":{"line":21,"column":15},"end":{"line":21,"column":27}},"locations":[{"start":{"line":21,"column":15},"end":{"line":21,"column":27}}]},"6":{"type":"branch","line":21,"loc":{"start":{"line":21,"column":22},"end":{"line":22,"column":38}},"locations":[{"start":{"line":21,"column":22},"end":{"line":22,"column":38}}]},"7":{"type":"branch","line":22,"loc":{"start":{"line":22,"column":38},"end":{"line":24,"column":3}},"locations":[{"start":{"line":22,"column":38},"end":{"line":24,"column":3}}]},"8":{"type":"branch","line":24,"loc":{"start":{"line":24,"column":2},"end":{"line":26,"column":1}},"locations":[{"start":{"line":24,"column":2},"end":{"line":26,"column":1}}]},"9":{"type":"branch","line":28,"loc":{"start":{"line":28,"column":7},"end":{"line":34,"column":1}},"locations":[{"start":{"line":28,"column":7},"end":{"line":34,"column":1}}]},"10":{"type":"branch","line":33,"loc":{"start":{"line":33,"column":25},"end":{"line":33,"column":68}},"locations":[{"start":{"line":33,"column":25},"end":{"line":33,"column":68}}]}},"b":{"0":[8],"1":[1],"2":[7],"3":[2],"4":[5],"5":[2],"6":[3],"7":[2],"8":[1],"9":[1],"10":[2]},"fnMap":{"0":{"name":"needsAnalysis","decl":{"start":{"line":14,"column":7},"end":{"line":26,"column":1}},"loc":{"start":{"line":14,"column":7},"end":{"line":26,"column":1}},"line":14},"1":{"name":"findFinishedMeetings","decl":{"start":{"line":28,"column":7},"end":{"line":34,"column":1}},"loc":{"start":{"line":28,"column":7},"end":{"line":34,"column":1}},"line":28}},"f":{"0":8,"1":1}}
,"/Users/badrusshoolehk/Documents/riset/extension-meet/packages/meeting/src/index.ts": {"path":"/Users/badrusshoolehk/Documents/riset/extension-meet/packages/meeting/src/index.ts","all":true,"statementMap":{"0":{"start":{"line":1,"column":0},"end":{"line":1,"column":25}},"1":{"start":{"line":2,"column":0},"end":{"line":2,"column":27}}},"s":{"0":0,"1":0},"branchMap":{"0":{"type":"branch","line":1,"loc":{"start":{"line":1,"column":0},"end":{"line":2,"column":-12}},"locations":[{"start":{"line":1,"column":0},"end":{"line":2,"column":-12}}]}},"b":{"0":[0]},"fnMap":{"0":{"name":"(empty-report)","decl":{"start":{"line":1,"column":0},"end":{"line":2,"column":-12}},"loc":{"start":{"line":1,"column":0},"end":{"line":2,"column":-12}},"line":1}},"f":{"0":0}}
,"/Users/badrusshoolehk/Documents/riset/extension-meet/packages/meeting/src/pipeline.ts": {"path":"/Users/badrusshoolehk/Documents/riset/extension-meet/packages/meeting/src/pipeline.ts","all":false,"statementMap":{"0":{"start":{"line":1,"column":0},"end":{"line":1,"column":43}},"22":{"start":{"line":23,"column":0},"end":{"line":23,"column":34}},"23":{"start":{"line":24,"column":0},"end":{"line":24,"column":13}},"24":{"start":{"line":25,"column":0},"end":{"line":25,"column":21}},"25":{"start":{"line":26,"column":0},"end":{"line":26,"column":33}},"26":{"start":{"line":27,"column":0},"end":{"line":27,"column":28}},"27":{"start":{"line":28,"column":0},"end":{"line":28,"column":44}},"28":{"start":{"line":29,"column":0},"end":{"line":29,"column":58}},"29":{"start":{"line":30,"column":0},"end":{"line":30,"column":69}},"31":{"start":{"line":32,"column":0},"end":{"line":32,"column":44}},"32":{"start":{"line":33,"column":0},"end":{"line":33,"column":57}},"33":{"start":{"line":34,"column":0},"end":{"line":34,"column":55}},"34":{"start":{"line":35,"column":0},"end":{"line":35,"column":3}},"36":{"start":{"line":37,"column":0},"end":{"line":37,"column":23}},"37":{"start":{"line":38,"column":0},"end":{"line":38,"column":7}},"38":{"start":{"line":39,"column":0},"end":{"line":39,"column":39}},"39":{"start":{"line":40,"column":0},"end":{"line":40,"column":15}},"40":{"start":{"line":41,"column":0},"end":{"line":41,"column":39}},"41":{"start":{"line":42,"column":0},"end":{"line":42,"column":100}},"42":{"start":{"line":43,"column":0},"end":{"line":43,"column":53}},"43":{"start":{"line":44,"column":0},"end":{"line":44,"column":3}},"45":{"start":{"line":46,"column":0},"end":{"line":46,"column":28}},"46":{"start":{"line":47,"column":0},"end":{"line":47,"column":25}},"47":{"start":{"line":48,"column":0},"end":{"line":48,"column":15}},"48":{"start":{"line":49,"column":0},"end":{"line":49,"column":26}},"49":{"start":{"line":50,"column":0},"end":{"line":50,"column":30}},"50":{"start":{"line":51,"column":0},"end":{"line":51,"column":5}},"51":{"start":{"line":52,"column":0},"end":{"line":52,"column":41}},"53":{"start":{"line":54,"column":0},"end":{"line":54,"column":7}},"54":{"start":{"line":55,"column":0},"end":{"line":55,"column":59}},"55":{"start":{"line":56,"column":0},"end":{"line":56,"column":30}},"56":{"start":{"line":57,"column":0},"end":{"line":57,"column":27}},"57":{"start":{"line":58,"column":0},"end":{"line":58,"column":21}},"58":{"start":{"line":59,"column":0},"end":{"line":59,"column":28}},"59":{"start":{"line":60,"column":0},"end":{"line":60,"column":32}},"60":{"start":{"line":61,"column":0},"end":{"line":61,"column":7}},"61":{"start":{"line":62,"column":0},"end":{"line":62,"column":30}},"62":{"start":{"line":63,"column":0},"end":{"line":63,"column":21}},"63":{"start":{"line":64,"column":0},"end":{"line":64,"column":15}},"64":{"start":{"line":65,"column":0},"end":{"line":65,"column":30}},"65":{"start":{"line":66,"column":0},"end":{"line":66,"column":32}},"66":{"start":{"line":67,"column":0},"end":{"line":67,"column":7}},"67":{"start":{"line":68,"column":0},"end":{"line":68,"column":42}},"68":{"start":{"line":69,"column":0},"end":{"line":69,"column":74}},"69":{"start":{"line":70,"column":0},"end":{"line":70,"column":24}},"70":{"start":{"line":71,"column":0},"end":{"line":71,"column":15}},"71":{"start":{"line":72,"column":0},"end":{"line":72,"column":39}},"72":{"start":{"line":73,"column":0},"end":{"line":73,"column":30}},"73":{"start":{"line":74,"column":0},"end":{"line":74,"column":22}},"74":{"start":{"line":75,"column":0},"end":{"line":75,"column":12}},"75":{"start":{"line":76,"column":0},"end":{"line":76,"column":27}},"76":{"start":{"line":77,"column":0},"end":{"line":77,"column":32}},"77":{"start":{"line":78,"column":0},"end":{"line":78,"column":7}},"78":{"start":{"line":79,"column":0},"end":{"line":79,"column":58}},"79":{"start":{"line":80,"column":0},"end":{"line":80,"column":61}},"80":{"start":{"line":81,"column":0},"end":{"line":81,"column":53}},"81":{"start":{"line":82,"column":0},"end":{"line":82,"column":3}},"82":{"start":{"line":83,"column":0},"end":{"line":83,"column":1}}},"s":{"0":1,"22":6,"23":6,"24":6,"25":6,"26":6,"27":6,"28":6,"29":6,"31":4,"32":6,"33":1,"34":1,"36":3,"37":3,"38":3,"39":6,"40":0,"41":0,"42":0,"43":0,"45":3,"46":3,"47":3,"48":3,"49":3,"50":3,"51":3,"53":3,"54":3,"55":2,"56":2,"57":2,"58":2,"59":2,"60":2,"61":2,"62":2,"63":2,"64":2,"65":2,"66":2,"67":2,"68":2,"69":2,"70":6,"71":1,"72":1,"73":1,"74":1,"75":1,"76":1,"77":1,"78":1,"79":1,"80":1,"81":1,"82":6},"branchMap":{"0":{"type":"branch","line":23,"loc":{"start":{"line":23,"column":0},"end":{"line":83,"column":1}},"locations":[{"start":{"line":23,"column":0},"end":{"line":83,"column":1}}]},"1":{"type":"branch","line":29,"loc":{"start":{"line":29,"column":16},"end":{"line":29,"column":58}},"locations":[{"start":{"line":29,"column":16},"end":{"line":29,"column":58}}]},"2":{"type":"branch","line":29,"loc":{"start":{"line":29,"column":56},"end":{"line":30,"column":38}},"locations":[{"start":{"line":29,"column":56},"end":{"line":30,"column":38}}]},"3":{"type":"branch","line":30,"loc":{"start":{"line":30,"column":31},"end":{"line":30,"column":69}},"locations":[{"start":{"line":30,"column":31},"end":{"line":30,"column":69}}]},"4":{"type":"branch","line":30,"loc":{"start":{"line":30,"column":67},"end":{"line":33,"column":16}},"locations":[{"start":{"line":30,"column":67},"end":{"line":33,"column":16}}]},"5":{"type":"branch","line":33,"loc":{"start":{"line":33,"column":6},"end":{"line":33,"column":27}},"locations":[{"start":{"line":33,"column":6},"end":{"line":33,"column":27}}]},"6":{"type":"branch","line":33,"loc":{"start":{"line":33,"column":27},"end":{"line":33,"column":56}},"locations":[{"start":{"line":33,"column":27},"end":{"line":33,"column":56}}]},"7":{"type":"branch","line":33,"loc":{"start":{"line":33,"column":56},"end":{"line":35,"column":3}},"locations":[{"start":{"line":33,"column":56},"end":{"line":35,"column":3}}]},"8":{"type":"branch","line":35,"loc":{"start":{"line":35,"column":2},"end":{"line":40,"column":11}},"locations":[{"start":{"line":35,"column":2},"end":{"line":40,"column":11}}]},"9":{"type":"branch","line":40,"loc":{"start":{"line":40,"column":2},"end":{"line":44,"column":3}},"locations":[{"start":{"line":40,"column":2},"end":{"line":44,"column":3}}]},"10":{"type":"branch","line":44,"loc":{"start":{"line":44,"column":2},"end":{"line":55,"column":59}},"locations":[{"start":{"line":44,"column":2},"end":{"line":55,"column":59}}]},"11":{"type":"branch","line":55,"loc":{"start":{"line":55,"column":57},"end":{"line":71,"column":11}},"locations":[{"start":{"line":55,"column":57},"end":{"line":71,"column":11}}]},"12":{"type":"branch","line":71,"loc":{"start":{"line":71,"column":2},"end":{"line":82,"column":3}},"locations":[{"start":{"line":71,"column":2},"end":{"line":82,"column":3}}]}},"b":{"0":[6],"1":[1],"2":[5],"3":[1],"4":[4],"5":[2],"6":[2],"7":[1],"8":[3],"9":[0],"10":[3],"11":[2],"12":[1]},"fnMap":{"0":{"name":"runPipeline","decl":{"start":{"line":23,"column":0},"end":{"line":83,"column":1}},"loc":{"start":{"line":23,"column":0},"end":{"line":83,"column":1}},"line":23}},"f":{"0":6}}
,"/Users/badrusshoolehk/Documents/riset/extension-meet/packages/shared/src/crypto.ts": {"path":"/Users/badrusshoolehk/Documents/riset/extension-meet/packages/shared/src/crypto.ts","all":false,"statementMap":{"6":{"start":{"line":7,"column":0},"end":{"line":7,"column":29}},"8":{"start":{"line":9,"column":0},"end":{"line":9,"column":45}},"9":{"start":{"line":10,"column":0},"end":{"line":10,"column":70}},"10":{"start":{"line":11,"column":0},"end":{"line":11,"column":15}},"11":{"start":{"line":12,"column":0},"end":{"line":12,"column":78}},"12":{"start":{"line":13,"column":0},"end":{"line":13,"column":16}},"13":{"start":{"line":14,"column":0},"end":{"line":14,"column":16}},"14":{"start":{"line":15,"column":0},"end":{"line":15,"column":7}},"15":{"start":{"line":16,"column":0},"end":{"line":16,"column":3}},"16":{"start":{"line":17,"column":0},"end":{"line":17,"column":87}},"17":{"start":{"line":18,"column":0},"end":{"line":18,"column":14}},"18":{"start":{"line":19,"column":0},"end":{"line":19,"column":14}},"19":{"start":{"line":20,"column":0},"end":{"line":20,"column":5}},"20":{"start":{"line":21,"column":0},"end":{"line":21,"column":92}},"21":{"start":{"line":22,"column":0},"end":{"line":22,"column":13}},"22":{"start":{"line":23,"column":0},"end":{"line":23,"column":1}},"24":{"start":{"line":25,"column":0},"end":{"line":25,"column":46}},"25":{"start":{"line":26,"column":0},"end":{"line":26,"column":67}},"27":{"start":{"line":28,"column":0},"end":{"line":28,"column":78}},"29":{"start":{"line":30,"column":0},"end":{"line":30,"column":69}},"30":{"start":{"line":31,"column":0},"end":{"line":31,"column":24}},"31":{"start":{"line":32,"column":0},"end":{"line":32,"column":29}},"32":{"start":{"line":33,"column":0},"end":{"line":33,"column":56}},"33":{"start":{"line":34,"column":0},"end":{"line":34,"column":43}},"34":{"start":{"line":35,"column":0},"end":{"line":35,"column":28}},"35":{"start":{"line":36,"column":0},"end":{"line":36,"column":8}},"36":{"start":{"line":37,"column":0},"end":{"line":37,"column":36}},"37":{"start":{"line":38,"column":0},"end":{"line":38,"column":4}},"38":{"start":{"line":39,"column":0},"end":{"line":39,"column":35}},"39":{"start":{"line":40,"column":0},"end":{"line":40,"column":1}},"41":{"start":{"line":42,"column":0},"end":{"line":42,"column":70}},"42":{"start":{"line":43,"column":0},"end":{"line":43,"column":25}},"43":{"start":{"line":44,"column":0},"end":{"line":44,"column":39}},"44":{"start":{"line":45,"column":0},"end":{"line":45,"column":30}},"45":{"start":{"line":46,"column":0},"end":{"line":46,"column":7}},"46":{"start":{"line":47,"column":0},"end":{"line":47,"column":31}},"47":{"start":{"line":48,"column":0},"end":{"line":48,"column":46}},"48":{"start":{"line":49,"column":0},"end":{"line":49,"column":41}},"49":{"start":{"line":50,"column":0},"end":{"line":50,"column":10}},"50":{"start":{"line":51,"column":0},"end":{"line":51,"column":18}},"51":{"start":{"line":52,"column":0},"end":{"line":52,"column":6}},"52":{"start":{"line":53,"column":0},"end":{"line":53,"column":43}},"53":{"start":{"line":54,"column":0},"end":{"line":54,"column":11}},"54":{"start":{"line":55,"column":0},"end":{"line":55,"column":75}},"55":{"start":{"line":56,"column":0},"end":{"line":56,"column":3}},"56":{"start":{"line":57,"column":0},"end":{"line":57,"column":1}}},"s":{"6":1,"8":5,"9":5,"10":5,"11":2,"12":2,"13":2,"14":2,"15":2,"16":3,"17":3,"18":3,"19":3,"20":3,"21":3,"22":3,"24":1,"25":6,"27":1,"29":4,"30":4,"31":3,"32":3,"33":3,"34":3,"35":3,"36":3,"37":3,"38":3,"39":3,"41":4,"42":4,"43":3,"44":4,"45":2,"46":2,"47":2,"48":2,"49":2,"50":2,"51":2,"52":1,"53":1,"54":1,"55":1,"56":4},"branchMap":{"0":{"type":"branch","line":9,"loc":{"start":{"line":9,"column":0},"end":{"line":23,"column":1}},"locations":[{"start":{"line":9,"column":0},"end":{"line":23,"column":1}}]},"1":{"type":"branch","line":11,"loc":{"start":{"line":11,"column":14},"end":{"line":16,"column":3}},"locations":[{"start":{"line":11,"column":14},"end":{"line":16,"column":3}}]},"2":{"type":"branch","line":16,"loc":{"start":{"line":16,"column":2},"end":{"line":23,"column":1}},"locations":[{"start":{"line":16,"column":2},"end":{"line":23,"column":1}}]},"3":{"type":"branch","line":25,"loc":{"start":{"line":25,"column":12},"end":{"line":26,"column":67}},"locations":[{"start":{"line":25,"column":12},"end":{"line":26,"column":67}}]},"4":{"type":"branch","line":28,"loc":{"start":{"line":28,"column":14},"end":{"line":28,"column":78}},"locations":[{"start":{"line":28,"column":14},"end":{"line":28,"column":78}}]},"5":{"type":"branch","line":28,"loc":{"start":{"line":28,"column":54},"end":{"line":28,"column":76}},"locations":[{"start":{"line":28,"column":54},"end":{"line":28,"column":76}}]},"6":{"type":"branch","line":30,"loc":{"start":{"line":30,"column":0},"end":{"line":40,"column":1}},"locations":[{"start":{"line":30,"column":0},"end":{"line":40,"column":1}}]},"7":{"type":"branch","line":31,"loc":{"start":{"line":31,"column":14},"end":{"line":31,"column":24}},"locations":[{"start":{"line":31,"column":14},"end":{"line":31,"column":24}}]},"8":{"type":"branch","line":31,"loc":{"start":{"line":31,"column":21},"end":{"line":40,"column":1}},"locations":[{"start":{"line":31,"column":21},"end":{"line":40,"column":1}}]},"9":{"type":"branch","line":42,"loc":{"start":{"line":42,"column":0},"end":{"line":57,"column":1}},"locations":[{"start":{"line":42,"column":0},"end":{"line":57,"column":1}}]},"10":{"type":"branch","line":43,"loc":{"start":{"line":43,"column":15},"end":{"line":43,"column":25}},"locations":[{"start":{"line":43,"column":15},"end":{"line":43,"column":25}}]},"11":{"type":"branch","line":43,"loc":{"start":{"line":43,"column":22},"end":{"line":45,"column":20}},"locations":[{"start":{"line":43,"column":22},"end":{"line":45,"column":20}}]},"12":{"type":"branch","line":45,"loc":{"start":{"line":45,"column":20},"end":{"line":45,"column":30}},"locations":[{"start":{"line":45,"column":20},"end":{"line":45,"column":30}}]},"13":{"type":"branch","line":45,"loc":{"start":{"line":45,"column":27},"end":{"line":52,"column":6}},"locations":[{"start":{"line":45,"column":27},"end":{"line":52,"column":6}}]},"14":{"type":"branch","line":52,"loc":{"start":{"line":52,"column":4},"end":{"line":56,"column":3}},"locations":[{"start":{"line":52,"column":4},"end":{"line":56,"column":3}}]}},"b":{"0":[5],"1":[2],"2":[3],"3":[6],"4":[4],"5":[61],"6":[4],"7":[1],"8":[3],"9":[4],"10":[1],"11":[3],"12":[1],"13":[2],"14":[1]},"fnMap":{"0":{"name":"getKey","decl":{"start":{"line":9,"column":0},"end":{"line":23,"column":1}},"loc":{"start":{"line":9,"column":0},"end":{"line":23,"column":1}},"line":9},"1":{"name":"b64","decl":{"start":{"line":25,"column":12},"end":{"line":26,"column":67}},"loc":{"start":{"line":25,"column":12},"end":{"line":26,"column":67}},"line":25},"2":{"name":"unb64","decl":{"start":{"line":28,"column":14},"end":{"line":28,"column":78}},"loc":{"start":{"line":28,"column":14},"end":{"line":28,"column":78}},"line":28},"3":{"name":"encryptString","decl":{"start":{"line":30,"column":0},"end":{"line":40,"column":1}},"loc":{"start":{"line":30,"column":0},"end":{"line":40,"column":1}},"line":30},"4":{"name":"decryptString","decl":{"start":{"line":42,"column":0},"end":{"line":57,"column":1}},"loc":{"start":{"line":42,"column":0},"end":{"line":57,"column":1}},"line":42}},"f":{"0":5,"1":6,"2":4,"3":4,"4":4}}
,"/Users/badrusshoolehk/Documents/riset/extension-meet/packages/shared/src/index.ts": {"path":"/Users/badrusshoolehk/Documents/riset/extension-meet/packages/shared/src/index.ts","all":false,"statementMap":{"0":{"start":{"line":1,"column":0},"end":{"line":1,"column":24}},"1":{"start":{"line":2,"column":0},"end":{"line":2,"column":26}},"2":{"start":{"line":3,"column":0},"end":{"line":3,"column":25}}},"s":{"0":1,"1":1,"2":1},"branchMap":{},"b":{},"fnMap":{},"f":{}}
,"/Users/badrusshoolehk/Documents/riset/extension-meet/packages/shared/src/types.ts": {"path":"/Users/badrusshoolehk/Documents/riset/extension-meet/packages/shared/src/types.ts","all":false,"statementMap":{"66":{"start":{"line":67,"column":0},"end":{"line":67,"column":43}},"67":{"start":{"line":68,"column":0},"end":{"line":68,"column":22}},"68":{"start":{"line":69,"column":0},"end":{"line":69,"column":13}},"69":{"start":{"line":70,"column":0},"end":{"line":70,"column":14}},"70":{"start":{"line":71,"column":0},"end":{"line":71,"column":12}},"71":{"start":{"line":72,"column":0},"end":{"line":72,"column":2}}},"s":{"66":1,"67":1,"68":1,"69":1,"70":1,"71":1},"branchMap":{},"b":{},"fnMap":{},"f":{}}
}
